ERROR - 2023-10-22 01:37:36 --> mysqli_sql_exception: Incorrect table definition; there can be only one auto column and it must be defined as a key in C:\xampp\htdocs\project-simlog\system\Database\MySQLi\Connection.php:295
Stack trace:
#0 C:\xampp\htdocs\project-simlog\system\Database\MySQLi\Connection.php(295): mysqli->query('CREATE TABLE `t...', 0)
#1 C:\xampp\htdocs\project-simlog\system\Database\BaseConnection.php(692): CodeIgniter\Database\MySQLi\Connection->execute('CREATE TABLE `t...')
#2 C:\xampp\htdocs\project-simlog\system\Database\BaseConnection.php(606): CodeIgniter\Database\BaseConnection->simpleQuery('CREATE TABLE `t...')
#3 C:\xampp\htdocs\project-simlog\system\Database\Forge.php(546): CodeIgniter\Database\BaseConnection->query('CREATE TABLE `t...')
#4 C:\xampp\htdocs\project-simlog\app\Database\Migrations\2023-10-22-013533_TbBarangKategori.php(25): CodeIgniter\Database\Forge->createTable('tb_kategori')
#5 C:\xampp\htdocs\project-simlog\system\Database\MigrationRunner.php(877): App\Database\Migrations\TbBarangKategori->up()
#6 C:\xampp\htdocs\project-simlog\system\Database\MigrationRunner.php(188): CodeIgniter\Database\MigrationRunner->migrate('up', Object(stdClass))
#7 C:\xampp\htdocs\project-simlog\system\Commands\Database\Migrate.php(84): CodeIgniter\Database\MigrationRunner->latest(NULL)
#8 C:\xampp\htdocs\project-simlog\system\CLI\Commands.php(65): CodeIgniter\Commands\Database\Migrate->run(Array)
#9 C:\xampp\htdocs\project-simlog\system\CLI\Console.php(37): CodeIgniter\CLI\Commands->run('migrate', Array)
#10 C:\xampp\htdocs\project-simlog\spark(97): CodeIgniter\CLI\Console->run()
#11 {main}
ERROR - 2023-10-22 01:38:58 --> mysqli_sql_exception: Incorrect table definition; there can be only one auto column and it must be defined as a key in C:\xampp\htdocs\project-simlog\system\Database\MySQLi\Connection.php:295
Stack trace:
#0 C:\xampp\htdocs\project-simlog\system\Database\MySQLi\Connection.php(295): mysqli->query('CREATE TABLE `t...', 0)
#1 C:\xampp\htdocs\project-simlog\system\Database\BaseConnection.php(692): CodeIgniter\Database\MySQLi\Connection->execute('CREATE TABLE `t...')
#2 C:\xampp\htdocs\project-simlog\system\Database\BaseConnection.php(606): CodeIgniter\Database\BaseConnection->simpleQuery('CREATE TABLE `t...')
#3 C:\xampp\htdocs\project-simlog\system\Database\Forge.php(546): CodeIgniter\Database\BaseConnection->query('CREATE TABLE `t...')
#4 C:\xampp\htdocs\project-simlog\app\Database\Migrations\2023-10-22-013533_TbBarangKategori.php(24): CodeIgniter\Database\Forge->createTable('tb_kategori')
#5 C:\xampp\htdocs\project-simlog\system\Database\MigrationRunner.php(877): App\Database\Migrations\TbBarangKategori->up()
#6 C:\xampp\htdocs\project-simlog\system\Database\MigrationRunner.php(188): CodeIgniter\Database\MigrationRunner->migrate('up', Object(stdClass))
#7 C:\xampp\htdocs\project-simlog\system\Commands\Database\Migrate.php(84): CodeIgniter\Database\MigrationRunner->latest(NULL)
#8 C:\xampp\htdocs\project-simlog\system\CLI\Commands.php(65): CodeIgniter\Commands\Database\Migrate->run(Array)
#9 C:\xampp\htdocs\project-simlog\system\CLI\Console.php(37): CodeIgniter\CLI\Commands->run('migrate', Array)
#10 C:\xampp\htdocs\project-simlog\spark(97): CodeIgniter\CLI\Console->run()
#11 {main}
