INFO - 2024-02-21 11:29:34 --> Session: Class initialized using 'CodeIgniter\Session\Handlers\FileHandler' driver.
INFO - 2024-02-21 11:29:40 --> Session: Class initialized using 'CodeIgniter\Session\Handlers\FileHandler' driver.
INFO - 2024-02-21 11:29:40 --> Session: Class initialized using 'CodeIgniter\Session\Handlers\FileHandler' driver.
INFO - 2024-02-21 11:33:41 --> Session: Class initialized using 'CodeIgniter\Session\Handlers\FileHandler' driver.
CRITICAL - 2024-02-21 11:33:41 --> Undefined variable $chart
in APPPATH\Views\dashboard\desa.php on line 87.
 1 APPPATH\Views\dashboard\desa.php(87): CodeIgniter\Debug\Exceptions->errorHandler(2, 'Undefined variable $chart', 'C:\\xampp\\htdocs\\project-simlog\\app\\Views\\dashboard\\desa.php', 87)
 2 SYSTEMPATH\View\View.php(213): include('C:\\xampp\\htdocs\\project-simlog\\app\\Views\\dashboard\\desa.php')
 3 SYSTEMPATH\View\View.php(216): CodeIgniter\View\View->CodeIgniter\View\{closure}()
 4 SYSTEMPATH\Common.php(1184): CodeIgniter\View\View->render('dashboard/desa', [], true)
 5 APPPATH\Controllers\Dashboard.php(46): view('dashboard/desa', [...])
 6 SYSTEMPATH\CodeIgniter.php(934): App\Controllers\Dashboard->index()
 7 SYSTEMPATH\CodeIgniter.php(499): CodeIgniter\CodeIgniter->runController(Object(App\Controllers\Dashboard))
 8 SYSTEMPATH\CodeIgniter.php(368): CodeIgniter\CodeIgniter->handleRequest(null, Object(Config\Cache), false)
 9 FCPATH\index.php(67): CodeIgniter\CodeIgniter->run()
10 SYSTEMPATH\Commands\Server\rewrite.php(47): require_once('C:\\xampp\\htdocs\\project-simlog\\public\\index.php')
INFO - 2024-02-21 11:35:14 --> Session: Class initialized using 'CodeIgniter\Session\Handlers\FileHandler' driver.
CRITICAL - 2024-02-21 11:35:14 --> Undefined array key "nama_barang"
in APPPATH\Views\dashboard\desa.php on line 87.
 1 APPPATH\Views\dashboard\desa.php(87): CodeIgniter\Debug\Exceptions->errorHandler(2, 'Undefined array key "nama_barang"', 'C:\\xampp\\htdocs\\project-simlog\\app\\Views\\dashboard\\desa.php', 87)
 2 SYSTEMPATH\View\View.php(213): include('C:\\xampp\\htdocs\\project-simlog\\app\\Views\\dashboard\\desa.php')
 3 SYSTEMPATH\View\View.php(216): CodeIgniter\View\View->CodeIgniter\View\{closure}()
 4 SYSTEMPATH\Common.php(1184): CodeIgniter\View\View->render('dashboard/desa', [], true)
 5 APPPATH\Controllers\Dashboard.php(46): view('dashboard/desa', [...])
 6 SYSTEMPATH\CodeIgniter.php(934): App\Controllers\Dashboard->index()
 7 SYSTEMPATH\CodeIgniter.php(499): CodeIgniter\CodeIgniter->runController(Object(App\Controllers\Dashboard))
 8 SYSTEMPATH\CodeIgniter.php(368): CodeIgniter\CodeIgniter->handleRequest(null, Object(Config\Cache), false)
 9 FCPATH\index.php(67): CodeIgniter\CodeIgniter->run()
10 SYSTEMPATH\Commands\Server\rewrite.php(47): require_once('C:\\xampp\\htdocs\\project-simlog\\public\\index.php')
INFO - 2024-02-21 11:35:45 --> Session: Class initialized using 'CodeIgniter\Session\Handlers\FileHandler' driver.
CRITICAL - 2024-02-21 11:35:45 --> Undefined array key "id_pengajuan"
in APPPATH\Views\dashboard\desa.php on line 87.
 1 APPPATH\Views\dashboard\desa.php(87): CodeIgniter\Debug\Exceptions->errorHandler(2, 'Undefined array key "id_pengajuan"', 'C:\\xampp\\htdocs\\project-simlog\\app\\Views\\dashboard\\desa.php', 87)
 2 SYSTEMPATH\View\View.php(213): include('C:\\xampp\\htdocs\\project-simlog\\app\\Views\\dashboard\\desa.php')
 3 SYSTEMPATH\View\View.php(216): CodeIgniter\View\View->CodeIgniter\View\{closure}()
 4 SYSTEMPATH\Common.php(1184): CodeIgniter\View\View->render('dashboard/desa', [], true)
 5 APPPATH\Controllers\Dashboard.php(46): view('dashboard/desa', [...])
 6 SYSTEMPATH\CodeIgniter.php(934): App\Controllers\Dashboard->index()
 7 SYSTEMPATH\CodeIgniter.php(499): CodeIgniter\CodeIgniter->runController(Object(App\Controllers\Dashboard))
 8 SYSTEMPATH\CodeIgniter.php(368): CodeIgniter\CodeIgniter->handleRequest(null, Object(Config\Cache), false)
 9 FCPATH\index.php(67): CodeIgniter\CodeIgniter->run()
10 SYSTEMPATH\Commands\Server\rewrite.php(47): require_once('C:\\xampp\\htdocs\\project-simlog\\public\\index.php')
INFO - 2024-02-21 11:36:23 --> Session: Class initialized using 'CodeIgniter\Session\Handlers\FileHandler' driver.
CRITICAL - 2024-02-21 11:36:23 --> Undefined variable $chart
in APPPATH\Views\dashboard\desa.php on line 93.
 1 APPPATH\Views\dashboard\desa.php(93): CodeIgniter\Debug\Exceptions->errorHandler(2, 'Undefined variable $chart', 'C:\\xampp\\htdocs\\project-simlog\\app\\Views\\dashboard\\desa.php', 93)
 2 SYSTEMPATH\View\View.php(213): include('C:\\xampp\\htdocs\\project-simlog\\app\\Views\\dashboard\\desa.php')
 3 SYSTEMPATH\View\View.php(216): CodeIgniter\View\View->CodeIgniter\View\{closure}()
 4 SYSTEMPATH\Common.php(1184): CodeIgniter\View\View->render('dashboard/desa', [], true)
 5 APPPATH\Controllers\Dashboard.php(46): view('dashboard/desa', [...])
 6 SYSTEMPATH\CodeIgniter.php(934): App\Controllers\Dashboard->index()
 7 SYSTEMPATH\CodeIgniter.php(499): CodeIgniter\CodeIgniter->runController(Object(App\Controllers\Dashboard))
 8 SYSTEMPATH\CodeIgniter.php(368): CodeIgniter\CodeIgniter->handleRequest(null, Object(Config\Cache), false)
 9 FCPATH\index.php(67): CodeIgniter\CodeIgniter->run()
10 SYSTEMPATH\Commands\Server\rewrite.php(47): require_once('C:\\xampp\\htdocs\\project-simlog\\public\\index.php')
INFO - 2024-02-21 11:36:32 --> Session: Class initialized using 'CodeIgniter\Session\Handlers\FileHandler' driver.
CRITICAL - 2024-02-21 11:36:32 --> Undefined array key "id_pengajuan"
in APPPATH\Views\dashboard\desa.php on line 94.
 1 APPPATH\Views\dashboard\desa.php(94): CodeIgniter\Debug\Exceptions->errorHandler(2, 'Undefined array key "id_pengajuan"', 'C:\\xampp\\htdocs\\project-simlog\\app\\Views\\dashboard\\desa.php', 94)
 2 SYSTEMPATH\View\View.php(213): include('C:\\xampp\\htdocs\\project-simlog\\app\\Views\\dashboard\\desa.php')
 3 SYSTEMPATH\View\View.php(216): CodeIgniter\View\View->CodeIgniter\View\{closure}()
 4 SYSTEMPATH\Common.php(1184): CodeIgniter\View\View->render('dashboard/desa', [], true)
 5 APPPATH\Controllers\Dashboard.php(46): view('dashboard/desa', [...])
 6 SYSTEMPATH\CodeIgniter.php(934): App\Controllers\Dashboard->index()
 7 SYSTEMPATH\CodeIgniter.php(499): CodeIgniter\CodeIgniter->runController(Object(App\Controllers\Dashboard))
 8 SYSTEMPATH\CodeIgniter.php(368): CodeIgniter\CodeIgniter->handleRequest(null, Object(Config\Cache), false)
 9 FCPATH\index.php(67): CodeIgniter\CodeIgniter->run()
10 SYSTEMPATH\Commands\Server\rewrite.php(47): require_once('C:\\xampp\\htdocs\\project-simlog\\public\\index.php')
INFO - 2024-02-21 11:36:43 --> Session: Class initialized using 'CodeIgniter\Session\Handlers\FileHandler' driver.
INFO - 2024-02-21 11:37:03 --> Session: Class initialized using 'CodeIgniter\Session\Handlers\FileHandler' driver.
INFO - 2024-02-21 11:37:37 --> Session: Class initialized using 'CodeIgniter\Session\Handlers\FileHandler' driver.
INFO - 2024-02-21 11:37:54 --> Session: Class initialized using 'CodeIgniter\Session\Handlers\FileHandler' driver.
INFO - 2024-02-21 11:39:31 --> Session: Class initialized using 'CodeIgniter\Session\Handlers\FileHandler' driver.
INFO - 2024-02-21 11:40:07 --> Session: Class initialized using 'CodeIgniter\Session\Handlers\FileHandler' driver.
INFO - 2024-02-21 11:40:35 --> Session: Class initialized using 'CodeIgniter\Session\Handlers\FileHandler' driver.
INFO - 2024-02-21 11:40:38 --> Session: Class initialized using 'CodeIgniter\Session\Handlers\FileHandler' driver.
INFO - 2024-02-21 11:41:03 --> Session: Class initialized using 'CodeIgniter\Session\Handlers\FileHandler' driver.
INFO - 2024-02-21 11:42:18 --> Session: Class initialized using 'CodeIgniter\Session\Handlers\FileHandler' driver.
INFO - 2024-02-21 11:42:43 --> Session: Class initialized using 'CodeIgniter\Session\Handlers\FileHandler' driver.
INFO - 2024-02-21 11:47:54 --> Session: Class initialized using 'CodeIgniter\Session\Handlers\FileHandler' driver.
INFO - 2024-02-21 11:48:01 --> Session: Class initialized using 'CodeIgniter\Session\Handlers\FileHandler' driver.
INFO - 2024-02-21 11:48:04 --> Session: Class initialized using 'CodeIgniter\Session\Handlers\FileHandler' driver.
INFO - 2024-02-21 11:48:08 --> Session: Class initialized using 'CodeIgniter\Session\Handlers\FileHandler' driver.
INFO - 2024-02-21 11:48:13 --> Session: Class initialized using 'CodeIgniter\Session\Handlers\FileHandler' driver.
INFO - 2024-02-21 11:48:45 --> Session: Class initialized using 'CodeIgniter\Session\Handlers\FileHandler' driver.
INFO - 2024-02-21 11:49:15 --> Session: Class initialized using 'CodeIgniter\Session\Handlers\FileHandler' driver.
INFO - 2024-02-21 11:49:15 --> Session: Class initialized using 'CodeIgniter\Session\Handlers\FileHandler' driver.
INFO - 2024-02-21 11:50:07 --> Session: Class initialized using 'CodeIgniter\Session\Handlers\FileHandler' driver.
INFO - 2024-02-21 11:51:45 --> Session: Class initialized using 'CodeIgniter\Session\Handlers\FileHandler' driver.
CRITICAL - 2024-02-21 11:51:45 --> Undefined array key "id_pengajuan"
in APPPATH\Views\dashboard\desa.php on line 93.
 1 APPPATH\Views\dashboard\desa.php(93): CodeIgniter\Debug\Exceptions->errorHandler(2, 'Undefined array key "id_pengajuan"', 'C:\\xampp\\htdocs\\project-simlog\\app\\Views\\dashboard\\desa.php', 93)
 2 SYSTEMPATH\View\View.php(213): include('C:\\xampp\\htdocs\\project-simlog\\app\\Views\\dashboard\\desa.php')
 3 SYSTEMPATH\View\View.php(216): CodeIgniter\View\View->CodeIgniter\View\{closure}()
 4 SYSTEMPATH\Common.php(1184): CodeIgniter\View\View->render('dashboard/desa', [], true)
 5 APPPATH\Controllers\Dashboard.php(46): view('dashboard/desa', [...])
 6 SYSTEMPATH\CodeIgniter.php(934): App\Controllers\Dashboard->index()
 7 SYSTEMPATH\CodeIgniter.php(499): CodeIgniter\CodeIgniter->runController(Object(App\Controllers\Dashboard))
 8 SYSTEMPATH\CodeIgniter.php(368): CodeIgniter\CodeIgniter->handleRequest(null, Object(Config\Cache), false)
 9 FCPATH\index.php(67): CodeIgniter\CodeIgniter->run()
10 SYSTEMPATH\Commands\Server\rewrite.php(47): require_once('C:\\xampp\\htdocs\\project-simlog\\public\\index.php')
INFO - 2024-02-21 11:52:11 --> Session: Class initialized using 'CodeIgniter\Session\Handlers\FileHandler' driver.
INFO - 2024-02-21 11:52:24 --> Session: Class initialized using 'CodeIgniter\Session\Handlers\FileHandler' driver.
INFO - 2024-02-21 11:54:11 --> Session: Class initialized using 'CodeIgniter\Session\Handlers\FileHandler' driver.
CRITICAL - 2024-02-21 11:54:11 --> foreach() argument must be of type array|object, null given
in APPPATH\Views\dashboard\desa.php on line 87.
 1 APPPATH\Views\dashboard\desa.php(87): CodeIgniter\Debug\Exceptions->errorHandler(2, 'foreach() argument must be of type array|object, null given', 'C:\\xampp\\htdocs\\project-simlog\\app\\Views\\dashboard\\desa.php', 87)
 2 SYSTEMPATH\View\View.php(213): include('C:\\xampp\\htdocs\\project-simlog\\app\\Views\\dashboard\\desa.php')
 3 SYSTEMPATH\View\View.php(216): CodeIgniter\View\View->CodeIgniter\View\{closure}()
 4 SYSTEMPATH\Common.php(1184): CodeIgniter\View\View->render('dashboard/desa', [], true)
 5 APPPATH\Controllers\Dashboard.php(46): view('dashboard/desa', [...])
 6 SYSTEMPATH\CodeIgniter.php(934): App\Controllers\Dashboard->index()
 7 SYSTEMPATH\CodeIgniter.php(499): CodeIgniter\CodeIgniter->runController(Object(App\Controllers\Dashboard))
 8 SYSTEMPATH\CodeIgniter.php(368): CodeIgniter\CodeIgniter->handleRequest(null, Object(Config\Cache), false)
 9 FCPATH\index.php(67): CodeIgniter\CodeIgniter->run()
10 SYSTEMPATH\Commands\Server\rewrite.php(47): require_once('C:\\xampp\\htdocs\\project-simlog\\public\\index.php')
INFO - 2024-02-21 11:54:39 --> Session: Class initialized using 'CodeIgniter\Session\Handlers\FileHandler' driver.
CRITICAL - 2024-02-21 11:54:39 --> foreach() argument must be of type array|object, null given
in APPPATH\Views\dashboard\desa.php on line 87.
 1 APPPATH\Views\dashboard\desa.php(87): CodeIgniter\Debug\Exceptions->errorHandler(2, 'foreach() argument must be of type array|object, null given', 'C:\\xampp\\htdocs\\project-simlog\\app\\Views\\dashboard\\desa.php', 87)
 2 SYSTEMPATH\View\View.php(213): include('C:\\xampp\\htdocs\\project-simlog\\app\\Views\\dashboard\\desa.php')
 3 SYSTEMPATH\View\View.php(216): CodeIgniter\View\View->CodeIgniter\View\{closure}()
 4 SYSTEMPATH\Common.php(1184): CodeIgniter\View\View->render('dashboard/desa', [], true)
 5 APPPATH\Controllers\Dashboard.php(46): view('dashboard/desa', [...])
 6 SYSTEMPATH\CodeIgniter.php(934): App\Controllers\Dashboard->index()
 7 SYSTEMPATH\CodeIgniter.php(499): CodeIgniter\CodeIgniter->runController(Object(App\Controllers\Dashboard))
 8 SYSTEMPATH\CodeIgniter.php(368): CodeIgniter\CodeIgniter->handleRequest(null, Object(Config\Cache), false)
 9 FCPATH\index.php(67): CodeIgniter\CodeIgniter->run()
10 SYSTEMPATH\Commands\Server\rewrite.php(47): require_once('C:\\xampp\\htdocs\\project-simlog\\public\\index.php')
INFO - 2024-02-21 11:54:48 --> Session: Class initialized using 'CodeIgniter\Session\Handlers\FileHandler' driver.
CRITICAL - 2024-02-21 11:54:48 --> foreach() argument must be of type array|object, null given
in APPPATH\Views\dashboard\desa.php on line 87.
 1 APPPATH\Views\dashboard\desa.php(87): CodeIgniter\Debug\Exceptions->errorHandler(2, 'foreach() argument must be of type array|object, null given', 'C:\\xampp\\htdocs\\project-simlog\\app\\Views\\dashboard\\desa.php', 87)
 2 SYSTEMPATH\View\View.php(213): include('C:\\xampp\\htdocs\\project-simlog\\app\\Views\\dashboard\\desa.php')
 3 SYSTEMPATH\View\View.php(216): CodeIgniter\View\View->CodeIgniter\View\{closure}()
 4 SYSTEMPATH\Common.php(1184): CodeIgniter\View\View->render('dashboard/desa', [], true)
 5 APPPATH\Controllers\Dashboard.php(46): view('dashboard/desa', [...])
 6 SYSTEMPATH\CodeIgniter.php(934): App\Controllers\Dashboard->index()
 7 SYSTEMPATH\CodeIgniter.php(499): CodeIgniter\CodeIgniter->runController(Object(App\Controllers\Dashboard))
 8 SYSTEMPATH\CodeIgniter.php(368): CodeIgniter\CodeIgniter->handleRequest(null, Object(Config\Cache), false)
 9 FCPATH\index.php(67): CodeIgniter\CodeIgniter->run()
10 SYSTEMPATH\Commands\Server\rewrite.php(47): require_once('C:\\xampp\\htdocs\\project-simlog\\public\\index.php')
INFO - 2024-02-21 11:54:57 --> Session: Class initialized using 'CodeIgniter\Session\Handlers\FileHandler' driver.
CRITICAL - 2024-02-21 11:54:57 --> foreach() argument must be of type array|object, null given
in APPPATH\Views\dashboard\desa.php on line 87.
 1 APPPATH\Views\dashboard\desa.php(87): CodeIgniter\Debug\Exceptions->errorHandler(2, 'foreach() argument must be of type array|object, null given', 'C:\\xampp\\htdocs\\project-simlog\\app\\Views\\dashboard\\desa.php', 87)
 2 SYSTEMPATH\View\View.php(213): include('C:\\xampp\\htdocs\\project-simlog\\app\\Views\\dashboard\\desa.php')
 3 SYSTEMPATH\View\View.php(216): CodeIgniter\View\View->CodeIgniter\View\{closure}()
 4 SYSTEMPATH\Common.php(1184): CodeIgniter\View\View->render('dashboard/desa', [], true)
 5 APPPATH\Controllers\Dashboard.php(46): view('dashboard/desa', [...])
 6 SYSTEMPATH\CodeIgniter.php(934): App\Controllers\Dashboard->index()
 7 SYSTEMPATH\CodeIgniter.php(499): CodeIgniter\CodeIgniter->runController(Object(App\Controllers\Dashboard))
 8 SYSTEMPATH\CodeIgniter.php(368): CodeIgniter\CodeIgniter->handleRequest(null, Object(Config\Cache), false)
 9 FCPATH\index.php(67): CodeIgniter\CodeIgniter->run()
10 SYSTEMPATH\Commands\Server\rewrite.php(47): require_once('C:\\xampp\\htdocs\\project-simlog\\public\\index.php')
INFO - 2024-02-21 11:55:37 --> Session: Class initialized using 'CodeIgniter\Session\Handlers\FileHandler' driver.
CRITICAL - 2024-02-21 11:55:37 --> foreach() argument must be of type array|object, null given
in APPPATH\Views\dashboard\desa.php on line 87.
 1 APPPATH\Views\dashboard\desa.php(87): CodeIgniter\Debug\Exceptions->errorHandler(2, 'foreach() argument must be of type array|object, null given', 'C:\\xampp\\htdocs\\project-simlog\\app\\Views\\dashboard\\desa.php', 87)
 2 SYSTEMPATH\View\View.php(213): include('C:\\xampp\\htdocs\\project-simlog\\app\\Views\\dashboard\\desa.php')
 3 SYSTEMPATH\View\View.php(216): CodeIgniter\View\View->CodeIgniter\View\{closure}()
 4 SYSTEMPATH\Common.php(1184): CodeIgniter\View\View->render('dashboard/desa', [], true)
 5 APPPATH\Controllers\Dashboard.php(46): view('dashboard/desa', [...])
 6 SYSTEMPATH\CodeIgniter.php(934): App\Controllers\Dashboard->index()
 7 SYSTEMPATH\CodeIgniter.php(499): CodeIgniter\CodeIgniter->runController(Object(App\Controllers\Dashboard))
 8 SYSTEMPATH\CodeIgniter.php(368): CodeIgniter\CodeIgniter->handleRequest(null, Object(Config\Cache), false)
 9 FCPATH\index.php(67): CodeIgniter\CodeIgniter->run()
10 SYSTEMPATH\Commands\Server\rewrite.php(47): require_once('C:\\xampp\\htdocs\\project-simlog\\public\\index.php')
INFO - 2024-02-21 11:55:48 --> Session: Class initialized using 'CodeIgniter\Session\Handlers\FileHandler' driver.
CRITICAL - 2024-02-21 11:55:48 --> foreach() argument must be of type array|object, null given
in APPPATH\Views\dashboard\desa.php on line 92.
 1 APPPATH\Views\dashboard\desa.php(92): CodeIgniter\Debug\Exceptions->errorHandler(2, 'foreach() argument must be of type array|object, null given', 'C:\\xampp\\htdocs\\project-simlog\\app\\Views\\dashboard\\desa.php', 92)
 2 SYSTEMPATH\View\View.php(213): include('C:\\xampp\\htdocs\\project-simlog\\app\\Views\\dashboard\\desa.php')
 3 SYSTEMPATH\View\View.php(216): CodeIgniter\View\View->CodeIgniter\View\{closure}()
 4 SYSTEMPATH\Common.php(1184): CodeIgniter\View\View->render('dashboard/desa', [], true)
 5 APPPATH\Controllers\Dashboard.php(46): view('dashboard/desa', [...])
 6 SYSTEMPATH\CodeIgniter.php(934): App\Controllers\Dashboard->index()
 7 SYSTEMPATH\CodeIgniter.php(499): CodeIgniter\CodeIgniter->runController(Object(App\Controllers\Dashboard))
 8 SYSTEMPATH\CodeIgniter.php(368): CodeIgniter\CodeIgniter->handleRequest(null, Object(Config\Cache), false)
 9 FCPATH\index.php(67): CodeIgniter\CodeIgniter->run()
10 SYSTEMPATH\Commands\Server\rewrite.php(47): require_once('C:\\xampp\\htdocs\\project-simlog\\public\\index.php')
INFO - 2024-02-21 11:56:05 --> Session: Class initialized using 'CodeIgniter\Session\Handlers\FileHandler' driver.
CRITICAL - 2024-02-21 11:56:05 --> foreach() argument must be of type array|object, null given
in APPPATH\Views\dashboard\desa.php on line 87.
 1 APPPATH\Views\dashboard\desa.php(87): CodeIgniter\Debug\Exceptions->errorHandler(2, 'foreach() argument must be of type array|object, null given', 'C:\\xampp\\htdocs\\project-simlog\\app\\Views\\dashboard\\desa.php', 87)
 2 SYSTEMPATH\View\View.php(213): include('C:\\xampp\\htdocs\\project-simlog\\app\\Views\\dashboard\\desa.php')
 3 SYSTEMPATH\View\View.php(216): CodeIgniter\View\View->CodeIgniter\View\{closure}()
 4 SYSTEMPATH\Common.php(1184): CodeIgniter\View\View->render('dashboard/desa', [], true)
 5 APPPATH\Controllers\Dashboard.php(46): view('dashboard/desa', [...])
 6 SYSTEMPATH\CodeIgniter.php(934): App\Controllers\Dashboard->index()
 7 SYSTEMPATH\CodeIgniter.php(499): CodeIgniter\CodeIgniter->runController(Object(App\Controllers\Dashboard))
 8 SYSTEMPATH\CodeIgniter.php(368): CodeIgniter\CodeIgniter->handleRequest(null, Object(Config\Cache), false)
 9 FCPATH\index.php(67): CodeIgniter\CodeIgniter->run()
10 SYSTEMPATH\Commands\Server\rewrite.php(47): require_once('C:\\xampp\\htdocs\\project-simlog\\public\\index.php')
INFO - 2024-02-21 11:56:26 --> Session: Class initialized using 'CodeIgniter\Session\Handlers\FileHandler' driver.
INFO - 2024-02-21 12:05:38 --> Session: Class initialized using 'CodeIgniter\Session\Handlers\FileHandler' driver.
INFO - 2024-02-21 12:12:13 --> Session: Class initialized using 'CodeIgniter\Session\Handlers\FileHandler' driver.
INFO - 2024-02-21 12:12:35 --> Session: Class initialized using 'CodeIgniter\Session\Handlers\FileHandler' driver.
INFO - 2024-02-21 12:12:38 --> Session: Class initialized using 'CodeIgniter\Session\Handlers\FileHandler' driver.
INFO - 2024-02-21 12:12:40 --> Session: Class initialized using 'CodeIgniter\Session\Handlers\FileHandler' driver.
INFO - 2024-02-21 12:12:43 --> Session: Class initialized using 'CodeIgniter\Session\Handlers\FileHandler' driver.
INFO - 2024-02-21 12:12:46 --> Session: Class initialized using 'CodeIgniter\Session\Handlers\FileHandler' driver.
INFO - 2024-02-21 12:14:57 --> Session: Class initialized using 'CodeIgniter\Session\Handlers\FileHandler' driver.
INFO - 2024-02-21 12:31:36 --> Session: Class initialized using 'CodeIgniter\Session\Handlers\FileHandler' driver.
ERROR - 2024-02-21 12:31:36 --> mysqli_sql_exception: You have an error in your SQL syntax; check the manual that corresponds to your MariaDB server version for the right syntax to use near 'FROM `tb_pengajuan_barang`' at line 2 in C:\xampp\htdocs\project-simlog\system\Database\MySQLi\Connection.php:295
Stack trace:
#0 C:\xampp\htdocs\project-simlog\system\Database\MySQLi\Connection.php(295): mysqli->query('SELECT `id_stat...', 0)
#1 C:\xampp\htdocs\project-simlog\system\Database\BaseConnection.php(692): CodeIgniter\Database\MySQLi\Connection->execute('SELECT `id_stat...')
#2 C:\xampp\htdocs\project-simlog\system\Database\BaseConnection.php(606): CodeIgniter\Database\BaseConnection->simpleQuery('SELECT `id_stat...')
#3 C:\xampp\htdocs\project-simlog\system\Database\BaseBuilder.php(1616): CodeIgniter\Database\BaseConnection->query('SELECT `id_stat...', Array, false)
#4 C:\xampp\htdocs\project-simlog\system\Model.php(203): CodeIgniter\Database\BaseBuilder->get()
#5 C:\xampp\htdocs\project-simlog\system\BaseModel.php(557): CodeIgniter\Model->doFind(false, NULL)
#6 C:\xampp\htdocs\project-simlog\app\Controllers\Dashboard.php(41): CodeIgniter\BaseModel->find()
#7 C:\xampp\htdocs\project-simlog\system\CodeIgniter.php(934): App\Controllers\Dashboard->index()
#8 C:\xampp\htdocs\project-simlog\system\CodeIgniter.php(499): CodeIgniter\CodeIgniter->runController(Object(App\Controllers\Dashboard))
#9 C:\xampp\htdocs\project-simlog\system\CodeIgniter.php(368): CodeIgniter\CodeIgniter->handleRequest(NULL, Object(Config\Cache), false)
#10 C:\xampp\htdocs\project-simlog\public\index.php(67): CodeIgniter\CodeIgniter->run()
#11 C:\xampp\htdocs\project-simlog\system\Commands\Server\rewrite.php(47): require_once('C:\\xampp\\htdocs...')
#12 {main}
CRITICAL - 2024-02-21 12:31:36 --> You have an error in your SQL syntax; check the manual that corresponds to your MariaDB server version for the right syntax to use near 'FROM `tb_pengajuan_barang`' at line 2
in SYSTEMPATH\Database\MySQLi\Connection.php on line 295.
 1 SYSTEMPATH\Database\MySQLi\Connection.php(295): mysqli->query('SELECT `id_status_pengajuan`, ( SELECT COUNT(id_pengajuan) AS COUNT FROM tb_pengajuan_barang WHERE id_pengajuan = tb_pengajuan_barang.id_pengajuan) AS count GROUP BY id_status_pengajuan
FROM `tb_pengajuan_barang`', 0)
 2 SYSTEMPATH\Database\BaseConnection.php(692): CodeIgniter\Database\MySQLi\Connection->execute('SELECT `id_status_pengajuan`, ( SELECT COUNT(id_pengajuan) AS COUNT FROM tb_pengajuan_barang WHERE id_pengajuan = tb_pengajuan_barang.id_pengajuan) AS count GROUP BY id_status_pengajuan
FROM `tb_pengajuan_barang`')
 3 SYSTEMPATH\Database\BaseConnection.php(606): CodeIgniter\Database\BaseConnection->simpleQuery('SELECT `id_status_pengajuan`, ( SELECT COUNT(id_pengajuan) AS COUNT FROM tb_pengajuan_barang WHERE id_pengajuan = tb_pengajuan_barang.id_pengajuan) AS count GROUP BY id_status_pengajuan
FROM `tb_pengajuan_barang`')
 4 SYSTEMPATH\Database\BaseBuilder.php(1616): CodeIgniter\Database\BaseConnection->query('SELECT `id_status_pengajuan`, ( SELECT COUNT(id_pengajuan) AS COUNT FROM tb_pengajuan_barang WHERE id_pengajuan = tb_pengajuan_barang.id_pengajuan) AS count GROUP BY id_status_pengajuan
FROM `tb_pengajuan_barang`', [], false)
 5 SYSTEMPATH\Model.php(203): CodeIgniter\Database\BaseBuilder->get()
 6 SYSTEMPATH\BaseModel.php(557): CodeIgniter\Model->doFind(false, null)
 7 APPPATH\Controllers\Dashboard.php(41): CodeIgniter\BaseModel->find()
 8 SYSTEMPATH\CodeIgniter.php(934): App\Controllers\Dashboard->index()
 9 SYSTEMPATH\CodeIgniter.php(499): CodeIgniter\CodeIgniter->runController(Object(App\Controllers\Dashboard))
10 SYSTEMPATH\CodeIgniter.php(368): CodeIgniter\CodeIgniter->handleRequest(null, Object(Config\Cache), false)
11 FCPATH\index.php(67): CodeIgniter\CodeIgniter->run()
12 SYSTEMPATH\Commands\Server\rewrite.php(47): require_once('C:\\xampp\\htdocs\\project-simlog\\public\\index.php')
INFO - 2024-02-21 12:33:14 --> Session: Class initialized using 'CodeIgniter\Session\Handlers\FileHandler' driver.
CRITICAL - 2024-02-21 12:33:14 --> Undefined array key "id_status_pengajuan"
in APPPATH\Views\dashboard\desa.php on line 87.
 1 APPPATH\Views\dashboard\desa.php(87): CodeIgniter\Debug\Exceptions->errorHandler(2, 'Undefined array key "id_status_pengajuan"', 'C:\\xampp\\htdocs\\project-simlog\\app\\Views\\dashboard\\desa.php', 87)
 2 SYSTEMPATH\View\View.php(213): include('C:\\xampp\\htdocs\\project-simlog\\app\\Views\\dashboard\\desa.php')
 3 SYSTEMPATH\View\View.php(216): CodeIgniter\View\View->CodeIgniter\View\{closure}()
 4 SYSTEMPATH\Common.php(1184): CodeIgniter\View\View->render('dashboard/desa', [], true)
 5 APPPATH\Controllers\Dashboard.php(46): view('dashboard/desa', [...])
 6 SYSTEMPATH\CodeIgniter.php(934): App\Controllers\Dashboard->index()
 7 SYSTEMPATH\CodeIgniter.php(499): CodeIgniter\CodeIgniter->runController(Object(App\Controllers\Dashboard))
 8 SYSTEMPATH\CodeIgniter.php(368): CodeIgniter\CodeIgniter->handleRequest(null, Object(Config\Cache), false)
 9 FCPATH\index.php(67): CodeIgniter\CodeIgniter->run()
10 SYSTEMPATH\Commands\Server\rewrite.php(47): require_once('C:\\xampp\\htdocs\\project-simlog\\public\\index.php')
INFO - 2024-02-21 12:33:35 --> Session: Class initialized using 'CodeIgniter\Session\Handlers\FileHandler' driver.
INFO - 2024-02-21 12:35:01 --> Session: Class initialized using 'CodeIgniter\Session\Handlers\FileHandler' driver.
INFO - 2024-02-21 12:35:08 --> Session: Class initialized using 'CodeIgniter\Session\Handlers\FileHandler' driver.
INFO - 2024-02-21 12:35:22 --> Session: Class initialized using 'CodeIgniter\Session\Handlers\FileHandler' driver.
INFO - 2024-02-21 12:35:23 --> Session: Class initialized using 'CodeIgniter\Session\Handlers\FileHandler' driver.
INFO - 2024-02-21 12:35:27 --> Session: Class initialized using 'CodeIgniter\Session\Handlers\FileHandler' driver.
INFO - 2024-02-21 12:35:39 --> Session: Class initialized using 'CodeIgniter\Session\Handlers\FileHandler' driver.
INFO - 2024-02-21 12:36:01 --> Session: Class initialized using 'CodeIgniter\Session\Handlers\FileHandler' driver.
INFO - 2024-02-21 12:36:28 --> Session: Class initialized using 'CodeIgniter\Session\Handlers\FileHandler' driver.
INFO - 2024-02-21 12:36:32 --> Session: Class initialized using 'CodeIgniter\Session\Handlers\FileHandler' driver.
INFO - 2024-02-21 12:36:33 --> Session: Class initialized using 'CodeIgniter\Session\Handlers\FileHandler' driver.
INFO - 2024-02-21 12:36:38 --> Session: Class initialized using 'CodeIgniter\Session\Handlers\FileHandler' driver.
INFO - 2024-02-21 12:36:39 --> Session: Class initialized using 'CodeIgniter\Session\Handlers\FileHandler' driver.
INFO - 2024-02-21 12:36:46 --> Session: Class initialized using 'CodeIgniter\Session\Handlers\FileHandler' driver.
INFO - 2024-02-21 12:36:54 --> Session: Class initialized using 'CodeIgniter\Session\Handlers\FileHandler' driver.
INFO - 2024-02-21 12:36:57 --> Session: Class initialized using 'CodeIgniter\Session\Handlers\FileHandler' driver.
INFO - 2024-02-21 12:36:57 --> Session: Class initialized using 'CodeIgniter\Session\Handlers\FileHandler' driver.
INFO - 2024-02-21 12:37:02 --> Session: Class initialized using 'CodeIgniter\Session\Handlers\FileHandler' driver.
INFO - 2024-02-21 12:37:02 --> Session: Class initialized using 'CodeIgniter\Session\Handlers\FileHandler' driver.
INFO - 2024-02-21 12:37:06 --> Session: Class initialized using 'CodeIgniter\Session\Handlers\FileHandler' driver.
INFO - 2024-02-21 12:37:07 --> Session: Class initialized using 'CodeIgniter\Session\Handlers\FileHandler' driver.
INFO - 2024-02-21 12:39:17 --> Session: Class initialized using 'CodeIgniter\Session\Handlers\FileHandler' driver.
ERROR - 2024-02-21 12:39:17 --> mysqli_sql_exception: Subquery returns more than 1 row in C:\xampp\htdocs\project-simlog\system\Database\MySQLi\Connection.php:295
Stack trace:
#0 C:\xampp\htdocs\project-simlog\system\Database\MySQLi\Connection.php(295): mysqli->query('SELECT `id_peng...', 0)
#1 C:\xampp\htdocs\project-simlog\system\Database\BaseConnection.php(692): CodeIgniter\Database\MySQLi\Connection->execute('SELECT `id_peng...')
#2 C:\xampp\htdocs\project-simlog\system\Database\BaseConnection.php(606): CodeIgniter\Database\BaseConnection->simpleQuery('SELECT `id_peng...')
#3 C:\xampp\htdocs\project-simlog\system\Database\BaseBuilder.php(1616): CodeIgniter\Database\BaseConnection->query('SELECT `id_peng...', Array, false)
#4 C:\xampp\htdocs\project-simlog\system\Model.php(241): CodeIgniter\Database\BaseBuilder->get()
#5 C:\xampp\htdocs\project-simlog\system\BaseModel.php(618): CodeIgniter\Model->doFindAll(0, 0)
#6 C:\xampp\htdocs\project-simlog\app\Controllers\Dashboard.php(41): CodeIgniter\BaseModel->findAll()
#7 C:\xampp\htdocs\project-simlog\system\CodeIgniter.php(934): App\Controllers\Dashboard->index()
#8 C:\xampp\htdocs\project-simlog\system\CodeIgniter.php(499): CodeIgniter\CodeIgniter->runController(Object(App\Controllers\Dashboard))
#9 C:\xampp\htdocs\project-simlog\system\CodeIgniter.php(368): CodeIgniter\CodeIgniter->handleRequest(NULL, Object(Config\Cache), false)
#10 C:\xampp\htdocs\project-simlog\public\index.php(67): CodeIgniter\CodeIgniter->run()
#11 C:\xampp\htdocs\project-simlog\system\Commands\Server\rewrite.php(47): require_once('C:\\xampp\\htdocs...')
#12 {main}
CRITICAL - 2024-02-21 12:39:17 --> Subquery returns more than 1 row
in SYSTEMPATH\Database\MySQLi\Connection.php on line 295.
 1 SYSTEMPATH\Database\MySQLi\Connection.php(295): mysqli->query('SELECT `id_pengajuan`, ( SELECT COUNT(id_pengajuan) AS COUNT FROM tb_pengajuan_barang WHERE id_pengajuan = tb_pengajuan_barang.id_pengajuan GROUP BY id_status_pengajuan) AS count
FROM `tb_pengajuan_barang`
GROUP BY `id_status_pengajuan`', 0)
 2 SYSTEMPATH\Database\BaseConnection.php(692): CodeIgniter\Database\MySQLi\Connection->execute('SELECT `id_pengajuan`, ( SELECT COUNT(id_pengajuan) AS COUNT FROM tb_pengajuan_barang WHERE id_pengajuan = tb_pengajuan_barang.id_pengajuan GROUP BY id_status_pengajuan) AS count
FROM `tb_pengajuan_barang`
GROUP BY `id_status_pengajuan`')
 3 SYSTEMPATH\Database\BaseConnection.php(606): CodeIgniter\Database\BaseConnection->simpleQuery('SELECT `id_pengajuan`, ( SELECT COUNT(id_pengajuan) AS COUNT FROM tb_pengajuan_barang WHERE id_pengajuan = tb_pengajuan_barang.id_pengajuan GROUP BY id_status_pengajuan) AS count
FROM `tb_pengajuan_barang`
GROUP BY `id_status_pengajuan`')
 4 SYSTEMPATH\Database\BaseBuilder.php(1616): CodeIgniter\Database\BaseConnection->query('SELECT `id_pengajuan`, ( SELECT COUNT(id_pengajuan) AS COUNT FROM tb_pengajuan_barang WHERE id_pengajuan = tb_pengajuan_barang.id_pengajuan GROUP BY id_status_pengajuan) AS count
FROM `tb_pengajuan_barang`
GROUP BY `id_status_pengajuan`', [], false)
 5 SYSTEMPATH\Model.php(241): CodeIgniter\Database\BaseBuilder->get()
 6 SYSTEMPATH\BaseModel.php(618): CodeIgniter\Model->doFindAll(0, 0)
 7 APPPATH\Controllers\Dashboard.php(41): CodeIgniter\BaseModel->findAll()
 8 SYSTEMPATH\CodeIgniter.php(934): App\Controllers\Dashboard->index()
 9 SYSTEMPATH\CodeIgniter.php(499): CodeIgniter\CodeIgniter->runController(Object(App\Controllers\Dashboard))
10 SYSTEMPATH\CodeIgniter.php(368): CodeIgniter\CodeIgniter->handleRequest(null, Object(Config\Cache), false)
11 FCPATH\index.php(67): CodeIgniter\CodeIgniter->run()
12 SYSTEMPATH\Commands\Server\rewrite.php(47): require_once('C:\\xampp\\htdocs\\project-simlog\\public\\index.php')
INFO - 2024-02-21 12:39:42 --> Session: Class initialized using 'CodeIgniter\Session\Handlers\FileHandler' driver.
ERROR - 2024-02-21 12:39:42 --> mysqli_sql_exception: Subquery returns more than 1 row in C:\xampp\htdocs\project-simlog\system\Database\MySQLi\Connection.php:295
Stack trace:
#0 C:\xampp\htdocs\project-simlog\system\Database\MySQLi\Connection.php(295): mysqli->query('SELECT `id_peng...', 0)
#1 C:\xampp\htdocs\project-simlog\system\Database\BaseConnection.php(692): CodeIgniter\Database\MySQLi\Connection->execute('SELECT `id_peng...')
#2 C:\xampp\htdocs\project-simlog\system\Database\BaseConnection.php(606): CodeIgniter\Database\BaseConnection->simpleQuery('SELECT `id_peng...')
#3 C:\xampp\htdocs\project-simlog\system\Database\BaseBuilder.php(1616): CodeIgniter\Database\BaseConnection->query('SELECT `id_peng...', Array, false)
#4 C:\xampp\htdocs\project-simlog\system\Model.php(241): CodeIgniter\Database\BaseBuilder->get()
#5 C:\xampp\htdocs\project-simlog\system\BaseModel.php(618): CodeIgniter\Model->doFindAll(0, 0)
#6 C:\xampp\htdocs\project-simlog\app\Controllers\Dashboard.php(41): CodeIgniter\BaseModel->findAll()
#7 C:\xampp\htdocs\project-simlog\system\CodeIgniter.php(934): App\Controllers\Dashboard->index()
#8 C:\xampp\htdocs\project-simlog\system\CodeIgniter.php(499): CodeIgniter\CodeIgniter->runController(Object(App\Controllers\Dashboard))
#9 C:\xampp\htdocs\project-simlog\system\CodeIgniter.php(368): CodeIgniter\CodeIgniter->handleRequest(NULL, Object(Config\Cache), false)
#10 C:\xampp\htdocs\project-simlog\public\index.php(67): CodeIgniter\CodeIgniter->run()
#11 C:\xampp\htdocs\project-simlog\system\Commands\Server\rewrite.php(47): require_once('C:\\xampp\\htdocs...')
#12 {main}
CRITICAL - 2024-02-21 12:39:42 --> Subquery returns more than 1 row
in SYSTEMPATH\Database\MySQLi\Connection.php on line 295.
 1 SYSTEMPATH\Database\MySQLi\Connection.php(295): mysqli->query('SELECT `id_pengajuan`, ( SELECT COUNT(id_pengajuan) AS COUNT FROM tb_pengajuan_barang WHERE id_pengajuan = tb_pengajuan_barang.id_pengajuan GROUP BY id_status_pengajuan) AS count
FROM `tb_pengajuan_barang`', 0)
 2 SYSTEMPATH\Database\BaseConnection.php(692): CodeIgniter\Database\MySQLi\Connection->execute('SELECT `id_pengajuan`, ( SELECT COUNT(id_pengajuan) AS COUNT FROM tb_pengajuan_barang WHERE id_pengajuan = tb_pengajuan_barang.id_pengajuan GROUP BY id_status_pengajuan) AS count
FROM `tb_pengajuan_barang`')
 3 SYSTEMPATH\Database\BaseConnection.php(606): CodeIgniter\Database\BaseConnection->simpleQuery('SELECT `id_pengajuan`, ( SELECT COUNT(id_pengajuan) AS COUNT FROM tb_pengajuan_barang WHERE id_pengajuan = tb_pengajuan_barang.id_pengajuan GROUP BY id_status_pengajuan) AS count
FROM `tb_pengajuan_barang`')
 4 SYSTEMPATH\Database\BaseBuilder.php(1616): CodeIgniter\Database\BaseConnection->query('SELECT `id_pengajuan`, ( SELECT COUNT(id_pengajuan) AS COUNT FROM tb_pengajuan_barang WHERE id_pengajuan = tb_pengajuan_barang.id_pengajuan GROUP BY id_status_pengajuan) AS count
FROM `tb_pengajuan_barang`', [], false)
 5 SYSTEMPATH\Model.php(241): CodeIgniter\Database\BaseBuilder->get()
 6 SYSTEMPATH\BaseModel.php(618): CodeIgniter\Model->doFindAll(0, 0)
 7 APPPATH\Controllers\Dashboard.php(41): CodeIgniter\BaseModel->findAll()
 8 SYSTEMPATH\CodeIgniter.php(934): App\Controllers\Dashboard->index()
 9 SYSTEMPATH\CodeIgniter.php(499): CodeIgniter\CodeIgniter->runController(Object(App\Controllers\Dashboard))
10 SYSTEMPATH\CodeIgniter.php(368): CodeIgniter\CodeIgniter->handleRequest(null, Object(Config\Cache), false)
11 FCPATH\index.php(67): CodeIgniter\CodeIgniter->run()
12 SYSTEMPATH\Commands\Server\rewrite.php(47): require_once('C:\\xampp\\htdocs\\project-simlog\\public\\index.php')
INFO - 2024-02-21 12:39:54 --> Session: Class initialized using 'CodeIgniter\Session\Handlers\FileHandler' driver.
INFO - 2024-02-21 12:40:49 --> Session: Class initialized using 'CodeIgniter\Session\Handlers\FileHandler' driver.
INFO - 2024-02-21 12:40:49 --> Session: Class initialized using 'CodeIgniter\Session\Handlers\FileHandler' driver.
INFO - 2024-02-21 12:40:59 --> Session: Class initialized using 'CodeIgniter\Session\Handlers\FileHandler' driver.
INFO - 2024-02-21 12:41:00 --> Session: Class initialized using 'CodeIgniter\Session\Handlers\FileHandler' driver.
INFO - 2024-02-21 12:41:03 --> Session: Class initialized using 'CodeIgniter\Session\Handlers\FileHandler' driver.
INFO - 2024-02-21 12:41:06 --> Session: Class initialized using 'CodeIgniter\Session\Handlers\FileHandler' driver.
INFO - 2024-02-21 12:41:11 --> Session: Class initialized using 'CodeIgniter\Session\Handlers\FileHandler' driver.
INFO - 2024-02-21 12:41:11 --> Session: Class initialized using 'CodeIgniter\Session\Handlers\FileHandler' driver.
INFO - 2024-02-21 12:41:14 --> Session: Class initialized using 'CodeIgniter\Session\Handlers\FileHandler' driver.
INFO - 2024-02-21 12:41:14 --> Session: Class initialized using 'CodeIgniter\Session\Handlers\FileHandler' driver.
INFO - 2024-02-21 12:41:22 --> Session: Class initialized using 'CodeIgniter\Session\Handlers\FileHandler' driver.
INFO - 2024-02-21 12:41:22 --> Session: Class initialized using 'CodeIgniter\Session\Handlers\FileHandler' driver.
INFO - 2024-02-21 12:41:28 --> Session: Class initialized using 'CodeIgniter\Session\Handlers\FileHandler' driver.
INFO - 2024-02-21 12:41:29 --> Session: Class initialized using 'CodeIgniter\Session\Handlers\FileHandler' driver.
INFO - 2024-02-21 12:41:35 --> Session: Class initialized using 'CodeIgniter\Session\Handlers\FileHandler' driver.
INFO - 2024-02-21 12:41:35 --> Session: Class initialized using 'CodeIgniter\Session\Handlers\FileHandler' driver.
INFO - 2024-02-21 12:41:39 --> Session: Class initialized using 'CodeIgniter\Session\Handlers\FileHandler' driver.
INFO - 2024-02-21 12:41:44 --> Session: Class initialized using 'CodeIgniter\Session\Handlers\FileHandler' driver.
INFO - 2024-02-21 12:41:47 --> Session: Class initialized using 'CodeIgniter\Session\Handlers\FileHandler' driver.
INFO - 2024-02-21 12:41:47 --> Session: Class initialized using 'CodeIgniter\Session\Handlers\FileHandler' driver.
INFO - 2024-02-21 12:41:53 --> Session: Class initialized using 'CodeIgniter\Session\Handlers\FileHandler' driver.
INFO - 2024-02-21 12:41:53 --> Session: Class initialized using 'CodeIgniter\Session\Handlers\FileHandler' driver.
INFO - 2024-02-21 12:41:59 --> Session: Class initialized using 'CodeIgniter\Session\Handlers\FileHandler' driver.
INFO - 2024-02-21 12:41:59 --> Session: Class initialized using 'CodeIgniter\Session\Handlers\FileHandler' driver.
INFO - 2024-02-21 12:42:44 --> Session: Class initialized using 'CodeIgniter\Session\Handlers\FileHandler' driver.
INFO - 2024-02-21 12:42:49 --> Session: Class initialized using 'CodeIgniter\Session\Handlers\FileHandler' driver.
INFO - 2024-02-21 12:43:35 --> Session: Class initialized using 'CodeIgniter\Session\Handlers\FileHandler' driver.
INFO - 2024-02-21 12:43:38 --> Session: Class initialized using 'CodeIgniter\Session\Handlers\FileHandler' driver.
INFO - 2024-02-21 12:43:40 --> Session: Class initialized using 'CodeIgniter\Session\Handlers\FileHandler' driver.
INFO - 2024-02-21 12:43:43 --> Session: Class initialized using 'CodeIgniter\Session\Handlers\FileHandler' driver.
INFO - 2024-02-21 12:43:56 --> Session: Class initialized using 'CodeIgniter\Session\Handlers\FileHandler' driver.
INFO - 2024-02-21 12:43:57 --> Session: Class initialized using 'CodeIgniter\Session\Handlers\FileHandler' driver.
INFO - 2024-02-21 12:44:00 --> Session: Class initialized using 'CodeIgniter\Session\Handlers\FileHandler' driver.
INFO - 2024-02-21 12:44:09 --> Session: Class initialized using 'CodeIgniter\Session\Handlers\FileHandler' driver.
INFO - 2024-02-21 12:44:09 --> Session: Class initialized using 'CodeIgniter\Session\Handlers\FileHandler' driver.
INFO - 2024-02-21 12:44:14 --> Session: Class initialized using 'CodeIgniter\Session\Handlers\FileHandler' driver.
INFO - 2024-02-21 12:44:14 --> Session: Class initialized using 'CodeIgniter\Session\Handlers\FileHandler' driver.
INFO - 2024-02-21 12:44:19 --> Session: Class initialized using 'CodeIgniter\Session\Handlers\FileHandler' driver.
INFO - 2024-02-21 12:44:19 --> Session: Class initialized using 'CodeIgniter\Session\Handlers\FileHandler' driver.
INFO - 2024-02-21 12:45:05 --> Session: Class initialized using 'CodeIgniter\Session\Handlers\FileHandler' driver.
INFO - 2024-02-21 12:45:10 --> Session: Class initialized using 'CodeIgniter\Session\Handlers\FileHandler' driver.
INFO - 2024-02-21 12:45:10 --> Session: Class initialized using 'CodeIgniter\Session\Handlers\FileHandler' driver.
INFO - 2024-02-21 12:45:14 --> Session: Class initialized using 'CodeIgniter\Session\Handlers\FileHandler' driver.
INFO - 2024-02-21 12:45:20 --> Session: Class initialized using 'CodeIgniter\Session\Handlers\FileHandler' driver.
INFO - 2024-02-21 12:45:40 --> Session: Class initialized using 'CodeIgniter\Session\Handlers\FileHandler' driver.
INFO - 2024-02-21 12:45:40 --> Session: Class initialized using 'CodeIgniter\Session\Handlers\FileHandler' driver.
INFO - 2024-02-21 12:45:43 --> Session: Class initialized using 'CodeIgniter\Session\Handlers\FileHandler' driver.
INFO - 2024-02-21 12:45:49 --> Session: Class initialized using 'CodeIgniter\Session\Handlers\FileHandler' driver.
INFO - 2024-02-21 12:45:49 --> Session: Class initialized using 'CodeIgniter\Session\Handlers\FileHandler' driver.
INFO - 2024-02-21 12:45:55 --> Session: Class initialized using 'CodeIgniter\Session\Handlers\FileHandler' driver.
INFO - 2024-02-21 12:45:56 --> Session: Class initialized using 'CodeIgniter\Session\Handlers\FileHandler' driver.
INFO - 2024-02-21 12:45:58 --> Session: Class initialized using 'CodeIgniter\Session\Handlers\FileHandler' driver.
INFO - 2024-02-21 12:46:03 --> Session: Class initialized using 'CodeIgniter\Session\Handlers\FileHandler' driver.
INFO - 2024-02-21 12:46:07 --> Session: Class initialized using 'CodeIgniter\Session\Handlers\FileHandler' driver.
INFO - 2024-02-21 12:46:07 --> Session: Class initialized using 'CodeIgniter\Session\Handlers\FileHandler' driver.
INFO - 2024-02-21 12:46:11 --> Session: Class initialized using 'CodeIgniter\Session\Handlers\FileHandler' driver.
INFO - 2024-02-21 12:46:11 --> Session: Class initialized using 'CodeIgniter\Session\Handlers\FileHandler' driver.
INFO - 2024-02-21 12:46:17 --> Session: Class initialized using 'CodeIgniter\Session\Handlers\FileHandler' driver.
INFO - 2024-02-21 12:46:17 --> Session: Class initialized using 'CodeIgniter\Session\Handlers\FileHandler' driver.
INFO - 2024-02-21 12:55:38 --> Session: Class initialized using 'CodeIgniter\Session\Handlers\FileHandler' driver.
INFO - 2024-02-21 12:55:51 --> Session: Class initialized using 'CodeIgniter\Session\Handlers\FileHandler' driver.
CRITICAL - 2024-02-21 12:55:51 --> Undefined array key "id_pengajuan"
in APPPATH\Views\dashboard\desa.php on line 87.
 1 APPPATH\Views\dashboard\desa.php(87): CodeIgniter\Debug\Exceptions->errorHandler(2, 'Undefined array key "id_pengajuan"', 'C:\\xampp\\htdocs\\project-simlog\\app\\Views\\dashboard\\desa.php', 87)
 2 SYSTEMPATH\View\View.php(213): include('C:\\xampp\\htdocs\\project-simlog\\app\\Views\\dashboard\\desa.php')
 3 SYSTEMPATH\View\View.php(216): CodeIgniter\View\View->CodeIgniter\View\{closure}()
 4 SYSTEMPATH\Common.php(1184): CodeIgniter\View\View->render('dashboard/desa', [], true)
 5 APPPATH\Controllers\Dashboard.php(46): view('dashboard/desa', [...])
 6 SYSTEMPATH\CodeIgniter.php(934): App\Controllers\Dashboard->index()
 7 SYSTEMPATH\CodeIgniter.php(499): CodeIgniter\CodeIgniter->runController(Object(App\Controllers\Dashboard))
 8 SYSTEMPATH\CodeIgniter.php(368): CodeIgniter\CodeIgniter->handleRequest(null, Object(Config\Cache), false)
 9 FCPATH\index.php(67): CodeIgniter\CodeIgniter->run()
10 SYSTEMPATH\Commands\Server\rewrite.php(47): require_once('C:\\xampp\\htdocs\\project-simlog\\public\\index.php')
INFO - 2024-02-21 12:56:10 --> Session: Class initialized using 'CodeIgniter\Session\Handlers\FileHandler' driver.
INFO - 2024-02-21 12:56:33 --> Session: Class initialized using 'CodeIgniter\Session\Handlers\FileHandler' driver.
CRITICAL - 2024-02-21 12:56:33 --> Undefined array key "id_pengajuan"
in APPPATH\Views\dashboard\desa.php on line 87.
 1 APPPATH\Views\dashboard\desa.php(87): CodeIgniter\Debug\Exceptions->errorHandler(2, 'Undefined array key "id_pengajuan"', 'C:\\xampp\\htdocs\\project-simlog\\app\\Views\\dashboard\\desa.php', 87)
 2 SYSTEMPATH\View\View.php(213): include('C:\\xampp\\htdocs\\project-simlog\\app\\Views\\dashboard\\desa.php')
 3 SYSTEMPATH\View\View.php(216): CodeIgniter\View\View->CodeIgniter\View\{closure}()
 4 SYSTEMPATH\Common.php(1184): CodeIgniter\View\View->render('dashboard/desa', [], true)
 5 APPPATH\Controllers\Dashboard.php(46): view('dashboard/desa', [...])
 6 SYSTEMPATH\CodeIgniter.php(934): App\Controllers\Dashboard->index()
 7 SYSTEMPATH\CodeIgniter.php(499): CodeIgniter\CodeIgniter->runController(Object(App\Controllers\Dashboard))
 8 SYSTEMPATH\CodeIgniter.php(368): CodeIgniter\CodeIgniter->handleRequest(null, Object(Config\Cache), false)
 9 FCPATH\index.php(67): CodeIgniter\CodeIgniter->run()
10 SYSTEMPATH\Commands\Server\rewrite.php(47): require_once('C:\\xampp\\htdocs\\project-simlog\\public\\index.php')
INFO - 2024-02-21 12:58:43 --> Session: Class initialized using 'CodeIgniter\Session\Handlers\FileHandler' driver.
INFO - 2024-02-21 13:04:50 --> Session: Class initialized using 'CodeIgniter\Session\Handlers\FileHandler' driver.
ERROR - 2024-02-21 13:04:50 --> mysqli_sql_exception: You have an error in your SQL syntax; check the manual that corresponds to your MariaDB server version for the right syntax to use near '' at line 3 in C:\xampp\htdocs\project-simlog\system\Database\MySQLi\Connection.php:295
Stack trace:
#0 C:\xampp\htdocs\project-simlog\system\Database\MySQLi\Connection.php(295): mysqli->query('SELECT `id_peng...', 0)
#1 C:\xampp\htdocs\project-simlog\system\Database\BaseConnection.php(692): CodeIgniter\Database\MySQLi\Connection->execute('SELECT `id_peng...')
#2 C:\xampp\htdocs\project-simlog\system\Database\BaseConnection.php(606): CodeIgniter\Database\BaseConnection->simpleQuery('SELECT `id_peng...')
#3 C:\xampp\htdocs\project-simlog\system\Database\BaseBuilder.php(1616): CodeIgniter\Database\BaseConnection->query('SELECT `id_peng...', Array, false)
#4 C:\xampp\htdocs\project-simlog\system\Model.php(241): CodeIgniter\Database\BaseBuilder->get()
#5 C:\xampp\htdocs\project-simlog\system\BaseModel.php(618): CodeIgniter\Model->doFindAll(0, 0)
#6 C:\xampp\htdocs\project-simlog\app\Controllers\Dashboard.php(41): CodeIgniter\BaseModel->findAll()
#7 C:\xampp\htdocs\project-simlog\system\CodeIgniter.php(934): App\Controllers\Dashboard->index()
#8 C:\xampp\htdocs\project-simlog\system\CodeIgniter.php(499): CodeIgniter\CodeIgniter->runController(Object(App\Controllers\Dashboard))
#9 C:\xampp\htdocs\project-simlog\system\CodeIgniter.php(368): CodeIgniter\CodeIgniter->handleRequest(NULL, Object(Config\Cache), false)
#10 C:\xampp\htdocs\project-simlog\public\index.php(67): CodeIgniter\CodeIgniter->run()
#11 C:\xampp\htdocs\project-simlog\system\Commands\Server\rewrite.php(47): require_once('C:\\xampp\\htdocs...')
#12 {main}
CRITICAL - 2024-02-21 13:04:50 --> You have an error in your SQL syntax; check the manual that corresponds to your MariaDB server version for the right syntax to use near '' at line 3
in SYSTEMPATH\Database\MySQLi\Connection.php on line 295.
 1 SYSTEMPATH\Database\MySQLi\Connection.php(295): mysqli->query('SELECT `id_pengajuan`, ( SELECT COUNT(id_pengajuan), `id_status_pengajuan FROM tb_pengajuan_barang GROPU BY` `id_status_pengajuan`
FROM `tb_pengajuan_barang`
GROUP BY `id_status_pengajuan`', 0)
 2 SYSTEMPATH\Database\BaseConnection.php(692): CodeIgniter\Database\MySQLi\Connection->execute('SELECT `id_pengajuan`, ( SELECT COUNT(id_pengajuan), `id_status_pengajuan FROM tb_pengajuan_barang GROPU BY` `id_status_pengajuan`
FROM `tb_pengajuan_barang`
GROUP BY `id_status_pengajuan`')
 3 SYSTEMPATH\Database\BaseConnection.php(606): CodeIgniter\Database\BaseConnection->simpleQuery('SELECT `id_pengajuan`, ( SELECT COUNT(id_pengajuan), `id_status_pengajuan FROM tb_pengajuan_barang GROPU BY` `id_status_pengajuan`
FROM `tb_pengajuan_barang`
GROUP BY `id_status_pengajuan`')
 4 SYSTEMPATH\Database\BaseBuilder.php(1616): CodeIgniter\Database\BaseConnection->query('SELECT `id_pengajuan`, ( SELECT COUNT(id_pengajuan), `id_status_pengajuan FROM tb_pengajuan_barang GROPU BY` `id_status_pengajuan`
FROM `tb_pengajuan_barang`
GROUP BY `id_status_pengajuan`', [], false)
 5 SYSTEMPATH\Model.php(241): CodeIgniter\Database\BaseBuilder->get()
 6 SYSTEMPATH\BaseModel.php(618): CodeIgniter\Model->doFindAll(0, 0)
 7 APPPATH\Controllers\Dashboard.php(41): CodeIgniter\BaseModel->findAll()
 8 SYSTEMPATH\CodeIgniter.php(934): App\Controllers\Dashboard->index()
 9 SYSTEMPATH\CodeIgniter.php(499): CodeIgniter\CodeIgniter->runController(Object(App\Controllers\Dashboard))
10 SYSTEMPATH\CodeIgniter.php(368): CodeIgniter\CodeIgniter->handleRequest(null, Object(Config\Cache), false)
11 FCPATH\index.php(67): CodeIgniter\CodeIgniter->run()
12 SYSTEMPATH\Commands\Server\rewrite.php(47): require_once('C:\\xampp\\htdocs\\project-simlog\\public\\index.php')
INFO - 2024-02-21 13:05:51 --> Session: Class initialized using 'CodeIgniter\Session\Handlers\FileHandler' driver.
ERROR - 2024-02-21 13:05:51 --> mysqli_sql_exception: Operand should contain 1 column(s) in C:\xampp\htdocs\project-simlog\system\Database\MySQLi\Connection.php:295
Stack trace:
#0 C:\xampp\htdocs\project-simlog\system\Database\MySQLi\Connection.php(295): mysqli->query('SELECT `id_peng...', 0)
#1 C:\xampp\htdocs\project-simlog\system\Database\BaseConnection.php(692): CodeIgniter\Database\MySQLi\Connection->execute('SELECT `id_peng...')
#2 C:\xampp\htdocs\project-simlog\system\Database\BaseConnection.php(606): CodeIgniter\Database\BaseConnection->simpleQuery('SELECT `id_peng...')
#3 C:\xampp\htdocs\project-simlog\system\Database\BaseBuilder.php(1616): CodeIgniter\Database\BaseConnection->query('SELECT `id_peng...', Array, false)
#4 C:\xampp\htdocs\project-simlog\system\Model.php(241): CodeIgniter\Database\BaseBuilder->get()
#5 C:\xampp\htdocs\project-simlog\system\BaseModel.php(618): CodeIgniter\Model->doFindAll(0, 0)
#6 C:\xampp\htdocs\project-simlog\app\Controllers\Dashboard.php(41): CodeIgniter\BaseModel->findAll()
#7 C:\xampp\htdocs\project-simlog\system\CodeIgniter.php(934): App\Controllers\Dashboard->index()
#8 C:\xampp\htdocs\project-simlog\system\CodeIgniter.php(499): CodeIgniter\CodeIgniter->runController(Object(App\Controllers\Dashboard))
#9 C:\xampp\htdocs\project-simlog\system\CodeIgniter.php(368): CodeIgniter\CodeIgniter->handleRequest(NULL, Object(Config\Cache), false)
#10 C:\xampp\htdocs\project-simlog\public\index.php(67): CodeIgniter\CodeIgniter->run()
#11 C:\xampp\htdocs\project-simlog\system\Commands\Server\rewrite.php(47): require_once('C:\\xampp\\htdocs...')
#12 {main}
CRITICAL - 2024-02-21 13:05:51 --> Operand should contain 1 column(s)
in SYSTEMPATH\Database\MySQLi\Connection.php on line 295.
 1 SYSTEMPATH\Database\MySQLi\Connection.php(295): mysqli->query('SELECT `id_pengajuan`, ( SELECT COUNT(id_pengajuan) AS COUNT, id_status_pengajuan FROM tb_pengajuan_barang WHERE id_pengajuan = tb_pengajuan_barang.id_pengajuan) AS count
FROM `tb_pengajuan_barang`
GROUP BY `id_status_pengajuan`', 0)
 2 SYSTEMPATH\Database\BaseConnection.php(692): CodeIgniter\Database\MySQLi\Connection->execute('SELECT `id_pengajuan`, ( SELECT COUNT(id_pengajuan) AS COUNT, id_status_pengajuan FROM tb_pengajuan_barang WHERE id_pengajuan = tb_pengajuan_barang.id_pengajuan) AS count
FROM `tb_pengajuan_barang`
GROUP BY `id_status_pengajuan`')
 3 SYSTEMPATH\Database\BaseConnection.php(606): CodeIgniter\Database\BaseConnection->simpleQuery('SELECT `id_pengajuan`, ( SELECT COUNT(id_pengajuan) AS COUNT, id_status_pengajuan FROM tb_pengajuan_barang WHERE id_pengajuan = tb_pengajuan_barang.id_pengajuan) AS count
FROM `tb_pengajuan_barang`
GROUP BY `id_status_pengajuan`')
 4 SYSTEMPATH\Database\BaseBuilder.php(1616): CodeIgniter\Database\BaseConnection->query('SELECT `id_pengajuan`, ( SELECT COUNT(id_pengajuan) AS COUNT, id_status_pengajuan FROM tb_pengajuan_barang WHERE id_pengajuan = tb_pengajuan_barang.id_pengajuan) AS count
FROM `tb_pengajuan_barang`
GROUP BY `id_status_pengajuan`', [], false)
 5 SYSTEMPATH\Model.php(241): CodeIgniter\Database\BaseBuilder->get()
 6 SYSTEMPATH\BaseModel.php(618): CodeIgniter\Model->doFindAll(0, 0)
 7 APPPATH\Controllers\Dashboard.php(41): CodeIgniter\BaseModel->findAll()
 8 SYSTEMPATH\CodeIgniter.php(934): App\Controllers\Dashboard->index()
 9 SYSTEMPATH\CodeIgniter.php(499): CodeIgniter\CodeIgniter->runController(Object(App\Controllers\Dashboard))
10 SYSTEMPATH\CodeIgniter.php(368): CodeIgniter\CodeIgniter->handleRequest(null, Object(Config\Cache), false)
11 FCPATH\index.php(67): CodeIgniter\CodeIgniter->run()
12 SYSTEMPATH\Commands\Server\rewrite.php(47): require_once('C:\\xampp\\htdocs\\project-simlog\\public\\index.php')
INFO - 2024-02-21 13:06:03 --> Session: Class initialized using 'CodeIgniter\Session\Handlers\FileHandler' driver.
INFO - 2024-02-21 13:10:07 --> Session: Class initialized using 'CodeIgniter\Session\Handlers\FileHandler' driver.
ERROR - 2024-02-21 13:10:07 --> mysqli_sql_exception: You have an error in your SQL syntax; check the manual that corresponds to your MariaDB server version for the right syntax to use near ';) AS count
FROM `tb_pengajuan_barang`
GROUP BY `id_status_pengajuan`' at line 1 in C:\xampp\htdocs\project-simlog\system\Database\MySQLi\Connection.php:295
Stack trace:
#0 C:\xampp\htdocs\project-simlog\system\Database\MySQLi\Connection.php(295): mysqli->query('SELECT `id_peng...', 0)
#1 C:\xampp\htdocs\project-simlog\system\Database\BaseConnection.php(692): CodeIgniter\Database\MySQLi\Connection->execute('SELECT `id_peng...')
#2 C:\xampp\htdocs\project-simlog\system\Database\BaseConnection.php(606): CodeIgniter\Database\BaseConnection->simpleQuery('SELECT `id_peng...')
#3 C:\xampp\htdocs\project-simlog\system\Database\BaseBuilder.php(1616): CodeIgniter\Database\BaseConnection->query('SELECT `id_peng...', Array, false)
#4 C:\xampp\htdocs\project-simlog\system\Model.php(241): CodeIgniter\Database\BaseBuilder->get()
#5 C:\xampp\htdocs\project-simlog\system\BaseModel.php(618): CodeIgniter\Model->doFindAll(0, 0)
#6 C:\xampp\htdocs\project-simlog\app\Controllers\Dashboard.php(41): CodeIgniter\BaseModel->findAll()
#7 C:\xampp\htdocs\project-simlog\system\CodeIgniter.php(934): App\Controllers\Dashboard->index()
#8 C:\xampp\htdocs\project-simlog\system\CodeIgniter.php(499): CodeIgniter\CodeIgniter->runController(Object(App\Controllers\Dashboard))
#9 C:\xampp\htdocs\project-simlog\system\CodeIgniter.php(368): CodeIgniter\CodeIgniter->handleRequest(NULL, Object(Config\Cache), false)
#10 C:\xampp\htdocs\project-simlog\public\index.php(67): CodeIgniter\CodeIgniter->run()
#11 C:\xampp\htdocs\project-simlog\system\Commands\Server\rewrite.php(47): require_once('C:\\xampp\\htdocs...')
#12 {main}
CRITICAL - 2024-02-21 13:10:07 --> You have an error in your SQL syntax; check the manual that corresponds to your MariaDB server version for the right syntax to use near ';) AS count
FROM `tb_pengajuan_barang`
GROUP BY `id_status_pengajuan`' at line 1
in SYSTEMPATH\Database\MySQLi\Connection.php on line 295.
 1 SYSTEMPATH\Database\MySQLi\Connection.php(295): mysqli->query('SELECT `id_pengajuan`, ( SELECT COUNT(id_pengajuan), id_status_pengajuan FROM tb_pengajuan_barang GROUP BY id_status_pengajuan;) AS count
FROM `tb_pengajuan_barang`
GROUP BY `id_status_pengajuan`', 0)
 2 SYSTEMPATH\Database\BaseConnection.php(692): CodeIgniter\Database\MySQLi\Connection->execute('SELECT `id_pengajuan`, ( SELECT COUNT(id_pengajuan), id_status_pengajuan FROM tb_pengajuan_barang GROUP BY id_status_pengajuan;) AS count
FROM `tb_pengajuan_barang`
GROUP BY `id_status_pengajuan`')
 3 SYSTEMPATH\Database\BaseConnection.php(606): CodeIgniter\Database\BaseConnection->simpleQuery('SELECT `id_pengajuan`, ( SELECT COUNT(id_pengajuan), id_status_pengajuan FROM tb_pengajuan_barang GROUP BY id_status_pengajuan;) AS count
FROM `tb_pengajuan_barang`
GROUP BY `id_status_pengajuan`')
 4 SYSTEMPATH\Database\BaseBuilder.php(1616): CodeIgniter\Database\BaseConnection->query('SELECT `id_pengajuan`, ( SELECT COUNT(id_pengajuan), id_status_pengajuan FROM tb_pengajuan_barang GROUP BY id_status_pengajuan;) AS count
FROM `tb_pengajuan_barang`
GROUP BY `id_status_pengajuan`', [], false)
 5 SYSTEMPATH\Model.php(241): CodeIgniter\Database\BaseBuilder->get()
 6 SYSTEMPATH\BaseModel.php(618): CodeIgniter\Model->doFindAll(0, 0)
 7 APPPATH\Controllers\Dashboard.php(41): CodeIgniter\BaseModel->findAll()
 8 SYSTEMPATH\CodeIgniter.php(934): App\Controllers\Dashboard->index()
 9 SYSTEMPATH\CodeIgniter.php(499): CodeIgniter\CodeIgniter->runController(Object(App\Controllers\Dashboard))
10 SYSTEMPATH\CodeIgniter.php(368): CodeIgniter\CodeIgniter->handleRequest(null, Object(Config\Cache), false)
11 FCPATH\index.php(67): CodeIgniter\CodeIgniter->run()
12 SYSTEMPATH\Commands\Server\rewrite.php(47): require_once('C:\\xampp\\htdocs\\project-simlog\\public\\index.php')
INFO - 2024-02-21 13:10:20 --> Session: Class initialized using 'CodeIgniter\Session\Handlers\FileHandler' driver.
ERROR - 2024-02-21 13:10:20 --> mysqli_sql_exception: Operand should contain 1 column(s) in C:\xampp\htdocs\project-simlog\system\Database\MySQLi\Connection.php:295
Stack trace:
#0 C:\xampp\htdocs\project-simlog\system\Database\MySQLi\Connection.php(295): mysqli->query('SELECT `id_peng...', 0)
#1 C:\xampp\htdocs\project-simlog\system\Database\BaseConnection.php(692): CodeIgniter\Database\MySQLi\Connection->execute('SELECT `id_peng...')
#2 C:\xampp\htdocs\project-simlog\system\Database\BaseConnection.php(606): CodeIgniter\Database\BaseConnection->simpleQuery('SELECT `id_peng...')
#3 C:\xampp\htdocs\project-simlog\system\Database\BaseBuilder.php(1616): CodeIgniter\Database\BaseConnection->query('SELECT `id_peng...', Array, false)
#4 C:\xampp\htdocs\project-simlog\system\Model.php(241): CodeIgniter\Database\BaseBuilder->get()
#5 C:\xampp\htdocs\project-simlog\system\BaseModel.php(618): CodeIgniter\Model->doFindAll(0, 0)
#6 C:\xampp\htdocs\project-simlog\app\Controllers\Dashboard.php(41): CodeIgniter\BaseModel->findAll()
#7 C:\xampp\htdocs\project-simlog\system\CodeIgniter.php(934): App\Controllers\Dashboard->index()
#8 C:\xampp\htdocs\project-simlog\system\CodeIgniter.php(499): CodeIgniter\CodeIgniter->runController(Object(App\Controllers\Dashboard))
#9 C:\xampp\htdocs\project-simlog\system\CodeIgniter.php(368): CodeIgniter\CodeIgniter->handleRequest(NULL, Object(Config\Cache), false)
#10 C:\xampp\htdocs\project-simlog\public\index.php(67): CodeIgniter\CodeIgniter->run()
#11 C:\xampp\htdocs\project-simlog\system\Commands\Server\rewrite.php(47): require_once('C:\\xampp\\htdocs...')
#12 {main}
CRITICAL - 2024-02-21 13:10:20 --> Operand should contain 1 column(s)
in SYSTEMPATH\Database\MySQLi\Connection.php on line 295.
 1 SYSTEMPATH\Database\MySQLi\Connection.php(295): mysqli->query('SELECT `id_pengajuan`, ( SELECT COUNT(id_pengajuan), id_status_pengajuan FROM tb_pengajuan_barang GROUP BY id_status_pengajuan) AS count
FROM `tb_pengajuan_barang`
GROUP BY `id_status_pengajuan`', 0)
 2 SYSTEMPATH\Database\BaseConnection.php(692): CodeIgniter\Database\MySQLi\Connection->execute('SELECT `id_pengajuan`, ( SELECT COUNT(id_pengajuan), id_status_pengajuan FROM tb_pengajuan_barang GROUP BY id_status_pengajuan) AS count
FROM `tb_pengajuan_barang`
GROUP BY `id_status_pengajuan`')
 3 SYSTEMPATH\Database\BaseConnection.php(606): CodeIgniter\Database\BaseConnection->simpleQuery('SELECT `id_pengajuan`, ( SELECT COUNT(id_pengajuan), id_status_pengajuan FROM tb_pengajuan_barang GROUP BY id_status_pengajuan) AS count
FROM `tb_pengajuan_barang`
GROUP BY `id_status_pengajuan`')
 4 SYSTEMPATH\Database\BaseBuilder.php(1616): CodeIgniter\Database\BaseConnection->query('SELECT `id_pengajuan`, ( SELECT COUNT(id_pengajuan), id_status_pengajuan FROM tb_pengajuan_barang GROUP BY id_status_pengajuan) AS count
FROM `tb_pengajuan_barang`
GROUP BY `id_status_pengajuan`', [], false)
 5 SYSTEMPATH\Model.php(241): CodeIgniter\Database\BaseBuilder->get()
 6 SYSTEMPATH\BaseModel.php(618): CodeIgniter\Model->doFindAll(0, 0)
 7 APPPATH\Controllers\Dashboard.php(41): CodeIgniter\BaseModel->findAll()
 8 SYSTEMPATH\CodeIgniter.php(934): App\Controllers\Dashboard->index()
 9 SYSTEMPATH\CodeIgniter.php(499): CodeIgniter\CodeIgniter->runController(Object(App\Controllers\Dashboard))
10 SYSTEMPATH\CodeIgniter.php(368): CodeIgniter\CodeIgniter->handleRequest(null, Object(Config\Cache), false)
11 FCPATH\index.php(67): CodeIgniter\CodeIgniter->run()
12 SYSTEMPATH\Commands\Server\rewrite.php(47): require_once('C:\\xampp\\htdocs\\project-simlog\\public\\index.php')
INFO - 2024-02-21 13:10:36 --> Session: Class initialized using 'CodeIgniter\Session\Handlers\FileHandler' driver.
ERROR - 2024-02-21 13:10:36 --> mysqli_sql_exception: Operand should contain 1 column(s) in C:\xampp\htdocs\project-simlog\system\Database\MySQLi\Connection.php:295
Stack trace:
#0 C:\xampp\htdocs\project-simlog\system\Database\MySQLi\Connection.php(295): mysqli->query('SELECT `id_peng...', 0)
#1 C:\xampp\htdocs\project-simlog\system\Database\BaseConnection.php(692): CodeIgniter\Database\MySQLi\Connection->execute('SELECT `id_peng...')
#2 C:\xampp\htdocs\project-simlog\system\Database\BaseConnection.php(606): CodeIgniter\Database\BaseConnection->simpleQuery('SELECT `id_peng...')
#3 C:\xampp\htdocs\project-simlog\system\Database\BaseBuilder.php(1616): CodeIgniter\Database\BaseConnection->query('SELECT `id_peng...', Array, false)
#4 C:\xampp\htdocs\project-simlog\system\Model.php(241): CodeIgniter\Database\BaseBuilder->get()
#5 C:\xampp\htdocs\project-simlog\system\BaseModel.php(618): CodeIgniter\Model->doFindAll(0, 0)
#6 C:\xampp\htdocs\project-simlog\app\Controllers\Dashboard.php(41): CodeIgniter\BaseModel->findAll()
#7 C:\xampp\htdocs\project-simlog\system\CodeIgniter.php(934): App\Controllers\Dashboard->index()
#8 C:\xampp\htdocs\project-simlog\system\CodeIgniter.php(499): CodeIgniter\CodeIgniter->runController(Object(App\Controllers\Dashboard))
#9 C:\xampp\htdocs\project-simlog\system\CodeIgniter.php(368): CodeIgniter\CodeIgniter->handleRequest(NULL, Object(Config\Cache), false)
#10 C:\xampp\htdocs\project-simlog\public\index.php(67): CodeIgniter\CodeIgniter->run()
#11 C:\xampp\htdocs\project-simlog\system\Commands\Server\rewrite.php(47): require_once('C:\\xampp\\htdocs...')
#12 {main}
CRITICAL - 2024-02-21 13:10:36 --> Operand should contain 1 column(s)
in SYSTEMPATH\Database\MySQLi\Connection.php on line 295.
 1 SYSTEMPATH\Database\MySQLi\Connection.php(295): mysqli->query('SELECT `id_pengajuan`, ( SELECT COUNT(id_pengajuan), id_status_pengajuan FROM tb_pengajuan_barang GROUP BY id_status_pengajuan)
FROM `tb_pengajuan_barang`
GROUP BY `id_status_pengajuan`', 0)
 2 SYSTEMPATH\Database\BaseConnection.php(692): CodeIgniter\Database\MySQLi\Connection->execute('SELECT `id_pengajuan`, ( SELECT COUNT(id_pengajuan), id_status_pengajuan FROM tb_pengajuan_barang GROUP BY id_status_pengajuan)
FROM `tb_pengajuan_barang`
GROUP BY `id_status_pengajuan`')
 3 SYSTEMPATH\Database\BaseConnection.php(606): CodeIgniter\Database\BaseConnection->simpleQuery('SELECT `id_pengajuan`, ( SELECT COUNT(id_pengajuan), id_status_pengajuan FROM tb_pengajuan_barang GROUP BY id_status_pengajuan)
FROM `tb_pengajuan_barang`
GROUP BY `id_status_pengajuan`')
 4 SYSTEMPATH\Database\BaseBuilder.php(1616): CodeIgniter\Database\BaseConnection->query('SELECT `id_pengajuan`, ( SELECT COUNT(id_pengajuan), id_status_pengajuan FROM tb_pengajuan_barang GROUP BY id_status_pengajuan)
FROM `tb_pengajuan_barang`
GROUP BY `id_status_pengajuan`', [], false)
 5 SYSTEMPATH\Model.php(241): CodeIgniter\Database\BaseBuilder->get()
 6 SYSTEMPATH\BaseModel.php(618): CodeIgniter\Model->doFindAll(0, 0)
 7 APPPATH\Controllers\Dashboard.php(41): CodeIgniter\BaseModel->findAll()
 8 SYSTEMPATH\CodeIgniter.php(934): App\Controllers\Dashboard->index()
 9 SYSTEMPATH\CodeIgniter.php(499): CodeIgniter\CodeIgniter->runController(Object(App\Controllers\Dashboard))
10 SYSTEMPATH\CodeIgniter.php(368): CodeIgniter\CodeIgniter->handleRequest(null, Object(Config\Cache), false)
11 FCPATH\index.php(67): CodeIgniter\CodeIgniter->run()
12 SYSTEMPATH\Commands\Server\rewrite.php(47): require_once('C:\\xampp\\htdocs\\project-simlog\\public\\index.php')
INFO - 2024-02-21 13:10:51 --> Session: Class initialized using 'CodeIgniter\Session\Handlers\FileHandler' driver.
ERROR - 2024-02-21 13:10:51 --> mysqli_sql_exception: Operand should contain 1 column(s) in C:\xampp\htdocs\project-simlog\system\Database\MySQLi\Connection.php:295
Stack trace:
#0 C:\xampp\htdocs\project-simlog\system\Database\MySQLi\Connection.php(295): mysqli->query('SELECT `id_peng...', 0)
#1 C:\xampp\htdocs\project-simlog\system\Database\BaseConnection.php(692): CodeIgniter\Database\MySQLi\Connection->execute('SELECT `id_peng...')
#2 C:\xampp\htdocs\project-simlog\system\Database\BaseConnection.php(606): CodeIgniter\Database\BaseConnection->simpleQuery('SELECT `id_peng...')
#3 C:\xampp\htdocs\project-simlog\system\Database\BaseBuilder.php(1616): CodeIgniter\Database\BaseConnection->query('SELECT `id_peng...', Array, false)
#4 C:\xampp\htdocs\project-simlog\system\Model.php(241): CodeIgniter\Database\BaseBuilder->get()
#5 C:\xampp\htdocs\project-simlog\system\BaseModel.php(618): CodeIgniter\Model->doFindAll(0, 0)
#6 C:\xampp\htdocs\project-simlog\app\Controllers\Dashboard.php(41): CodeIgniter\BaseModel->findAll()
#7 C:\xampp\htdocs\project-simlog\system\CodeIgniter.php(934): App\Controllers\Dashboard->index()
#8 C:\xampp\htdocs\project-simlog\system\CodeIgniter.php(499): CodeIgniter\CodeIgniter->runController(Object(App\Controllers\Dashboard))
#9 C:\xampp\htdocs\project-simlog\system\CodeIgniter.php(368): CodeIgniter\CodeIgniter->handleRequest(NULL, Object(Config\Cache), false)
#10 C:\xampp\htdocs\project-simlog\public\index.php(67): CodeIgniter\CodeIgniter->run()
#11 C:\xampp\htdocs\project-simlog\system\Commands\Server\rewrite.php(47): require_once('C:\\xampp\\htdocs...')
#12 {main}
CRITICAL - 2024-02-21 13:10:51 --> Operand should contain 1 column(s)
in SYSTEMPATH\Database\MySQLi\Connection.php on line 295.
 1 SYSTEMPATH\Database\MySQLi\Connection.php(295): mysqli->query('SELECT `id_pengajuan`, ( SELECT COUNT(id_pengajuan), id_status_pengajuan FROM tb_pengajuan_barang GROUP BY id_status_pengajuan) AS count
FROM `tb_pengajuan_barang`
GROUP BY `id_status_pengajuan`', 0)
 2 SYSTEMPATH\Database\BaseConnection.php(692): CodeIgniter\Database\MySQLi\Connection->execute('SELECT `id_pengajuan`, ( SELECT COUNT(id_pengajuan), id_status_pengajuan FROM tb_pengajuan_barang GROUP BY id_status_pengajuan) AS count
FROM `tb_pengajuan_barang`
GROUP BY `id_status_pengajuan`')
 3 SYSTEMPATH\Database\BaseConnection.php(606): CodeIgniter\Database\BaseConnection->simpleQuery('SELECT `id_pengajuan`, ( SELECT COUNT(id_pengajuan), id_status_pengajuan FROM tb_pengajuan_barang GROUP BY id_status_pengajuan) AS count
FROM `tb_pengajuan_barang`
GROUP BY `id_status_pengajuan`')
 4 SYSTEMPATH\Database\BaseBuilder.php(1616): CodeIgniter\Database\BaseConnection->query('SELECT `id_pengajuan`, ( SELECT COUNT(id_pengajuan), id_status_pengajuan FROM tb_pengajuan_barang GROUP BY id_status_pengajuan) AS count
FROM `tb_pengajuan_barang`
GROUP BY `id_status_pengajuan`', [], false)
 5 SYSTEMPATH\Model.php(241): CodeIgniter\Database\BaseBuilder->get()
 6 SYSTEMPATH\BaseModel.php(618): CodeIgniter\Model->doFindAll(0, 0)
 7 APPPATH\Controllers\Dashboard.php(41): CodeIgniter\BaseModel->findAll()
 8 SYSTEMPATH\CodeIgniter.php(934): App\Controllers\Dashboard->index()
 9 SYSTEMPATH\CodeIgniter.php(499): CodeIgniter\CodeIgniter->runController(Object(App\Controllers\Dashboard))
10 SYSTEMPATH\CodeIgniter.php(368): CodeIgniter\CodeIgniter->handleRequest(null, Object(Config\Cache), false)
11 FCPATH\index.php(67): CodeIgniter\CodeIgniter->run()
12 SYSTEMPATH\Commands\Server\rewrite.php(47): require_once('C:\\xampp\\htdocs\\project-simlog\\public\\index.php')
INFO - 2024-02-21 13:11:48 --> Session: Class initialized using 'CodeIgniter\Session\Handlers\FileHandler' driver.
ERROR - 2024-02-21 13:11:48 --> mysqli_sql_exception: Subquery returns more than 1 row in C:\xampp\htdocs\project-simlog\system\Database\MySQLi\Connection.php:295
Stack trace:
#0 C:\xampp\htdocs\project-simlog\system\Database\MySQLi\Connection.php(295): mysqli->query('SELECT `id_peng...', 0)
#1 C:\xampp\htdocs\project-simlog\system\Database\BaseConnection.php(692): CodeIgniter\Database\MySQLi\Connection->execute('SELECT `id_peng...')
#2 C:\xampp\htdocs\project-simlog\system\Database\BaseConnection.php(606): CodeIgniter\Database\BaseConnection->simpleQuery('SELECT `id_peng...')
#3 C:\xampp\htdocs\project-simlog\system\Database\BaseBuilder.php(1616): CodeIgniter\Database\BaseConnection->query('SELECT `id_peng...', Array, false)
#4 C:\xampp\htdocs\project-simlog\system\Model.php(241): CodeIgniter\Database\BaseBuilder->get()
#5 C:\xampp\htdocs\project-simlog\system\BaseModel.php(618): CodeIgniter\Model->doFindAll(0, 0)
#6 C:\xampp\htdocs\project-simlog\app\Controllers\Dashboard.php(41): CodeIgniter\BaseModel->findAll()
#7 C:\xampp\htdocs\project-simlog\system\CodeIgniter.php(934): App\Controllers\Dashboard->index()
#8 C:\xampp\htdocs\project-simlog\system\CodeIgniter.php(499): CodeIgniter\CodeIgniter->runController(Object(App\Controllers\Dashboard))
#9 C:\xampp\htdocs\project-simlog\system\CodeIgniter.php(368): CodeIgniter\CodeIgniter->handleRequest(NULL, Object(Config\Cache), false)
#10 C:\xampp\htdocs\project-simlog\public\index.php(67): CodeIgniter\CodeIgniter->run()
#11 C:\xampp\htdocs\project-simlog\system\Commands\Server\rewrite.php(47): require_once('C:\\xampp\\htdocs...')
#12 {main}
CRITICAL - 2024-02-21 13:11:48 --> Subquery returns more than 1 row
in SYSTEMPATH\Database\MySQLi\Connection.php on line 295.
 1 SYSTEMPATH\Database\MySQLi\Connection.php(295): mysqli->query('SELECT `id_pengajuan`, ( SELECT COUNT(id_pengajuan) id_status_pengajuan FROM tb_pengajuan_barang GROUP BY id_status_pengajuan) AS count
FROM `tb_pengajuan_barang`
GROUP BY `id_status_pengajuan`', 0)
 2 SYSTEMPATH\Database\BaseConnection.php(692): CodeIgniter\Database\MySQLi\Connection->execute('SELECT `id_pengajuan`, ( SELECT COUNT(id_pengajuan) id_status_pengajuan FROM tb_pengajuan_barang GROUP BY id_status_pengajuan) AS count
FROM `tb_pengajuan_barang`
GROUP BY `id_status_pengajuan`')
 3 SYSTEMPATH\Database\BaseConnection.php(606): CodeIgniter\Database\BaseConnection->simpleQuery('SELECT `id_pengajuan`, ( SELECT COUNT(id_pengajuan) id_status_pengajuan FROM tb_pengajuan_barang GROUP BY id_status_pengajuan) AS count
FROM `tb_pengajuan_barang`
GROUP BY `id_status_pengajuan`')
 4 SYSTEMPATH\Database\BaseBuilder.php(1616): CodeIgniter\Database\BaseConnection->query('SELECT `id_pengajuan`, ( SELECT COUNT(id_pengajuan) id_status_pengajuan FROM tb_pengajuan_barang GROUP BY id_status_pengajuan) AS count
FROM `tb_pengajuan_barang`
GROUP BY `id_status_pengajuan`', [], false)
 5 SYSTEMPATH\Model.php(241): CodeIgniter\Database\BaseBuilder->get()
 6 SYSTEMPATH\BaseModel.php(618): CodeIgniter\Model->doFindAll(0, 0)
 7 APPPATH\Controllers\Dashboard.php(41): CodeIgniter\BaseModel->findAll()
 8 SYSTEMPATH\CodeIgniter.php(934): App\Controllers\Dashboard->index()
 9 SYSTEMPATH\CodeIgniter.php(499): CodeIgniter\CodeIgniter->runController(Object(App\Controllers\Dashboard))
10 SYSTEMPATH\CodeIgniter.php(368): CodeIgniter\CodeIgniter->handleRequest(null, Object(Config\Cache), false)
11 FCPATH\index.php(67): CodeIgniter\CodeIgniter->run()
12 SYSTEMPATH\Commands\Server\rewrite.php(47): require_once('C:\\xampp\\htdocs\\project-simlog\\public\\index.php')
INFO - 2024-02-21 13:12:33 --> Session: Class initialized using 'CodeIgniter\Session\Handlers\FileHandler' driver.
ERROR - 2024-02-21 13:12:33 --> mysqli_sql_exception: You have an error in your SQL syntax; check the manual that corresponds to your MariaDB server version for the right syntax to use near '. id_status_pengajuan FROM tb_pengajuan_barang GROUP BY id_status_pengajuan) ...' at line 1 in C:\xampp\htdocs\project-simlog\system\Database\MySQLi\Connection.php:295
Stack trace:
#0 C:\xampp\htdocs\project-simlog\system\Database\MySQLi\Connection.php(295): mysqli->query('SELECT `id_peng...', 0)
#1 C:\xampp\htdocs\project-simlog\system\Database\BaseConnection.php(692): CodeIgniter\Database\MySQLi\Connection->execute('SELECT `id_peng...')
#2 C:\xampp\htdocs\project-simlog\system\Database\BaseConnection.php(606): CodeIgniter\Database\BaseConnection->simpleQuery('SELECT `id_peng...')
#3 C:\xampp\htdocs\project-simlog\system\Database\BaseBuilder.php(1616): CodeIgniter\Database\BaseConnection->query('SELECT `id_peng...', Array, false)
#4 C:\xampp\htdocs\project-simlog\system\Model.php(241): CodeIgniter\Database\BaseBuilder->get()
#5 C:\xampp\htdocs\project-simlog\system\BaseModel.php(618): CodeIgniter\Model->doFindAll(0, 0)
#6 C:\xampp\htdocs\project-simlog\app\Controllers\Dashboard.php(41): CodeIgniter\BaseModel->findAll()
#7 C:\xampp\htdocs\project-simlog\system\CodeIgniter.php(934): App\Controllers\Dashboard->index()
#8 C:\xampp\htdocs\project-simlog\system\CodeIgniter.php(499): CodeIgniter\CodeIgniter->runController(Object(App\Controllers\Dashboard))
#9 C:\xampp\htdocs\project-simlog\system\CodeIgniter.php(368): CodeIgniter\CodeIgniter->handleRequest(NULL, Object(Config\Cache), false)
#10 C:\xampp\htdocs\project-simlog\public\index.php(67): CodeIgniter\CodeIgniter->run()
#11 C:\xampp\htdocs\project-simlog\system\Commands\Server\rewrite.php(47): require_once('C:\\xampp\\htdocs...')
#12 {main}
CRITICAL - 2024-02-21 13:12:33 --> You have an error in your SQL syntax; check the manual that corresponds to your MariaDB server version for the right syntax to use near '. id_status_pengajuan FROM tb_pengajuan_barang GROUP BY id_status_pengajuan) ...' at line 1
in SYSTEMPATH\Database\MySQLi\Connection.php on line 295.
 1 SYSTEMPATH\Database\MySQLi\Connection.php(295): mysqli->query('SELECT `id_pengajuan`, ( SELECT COUNT(id_pengajuan). id_status_pengajuan FROM tb_pengajuan_barang GROUP BY id_status_pengajuan) AS count
FROM `tb_pengajuan_barang`
GROUP BY `id_status_pengajuan`', 0)
 2 SYSTEMPATH\Database\BaseConnection.php(692): CodeIgniter\Database\MySQLi\Connection->execute('SELECT `id_pengajuan`, ( SELECT COUNT(id_pengajuan). id_status_pengajuan FROM tb_pengajuan_barang GROUP BY id_status_pengajuan) AS count
FROM `tb_pengajuan_barang`
GROUP BY `id_status_pengajuan`')
 3 SYSTEMPATH\Database\BaseConnection.php(606): CodeIgniter\Database\BaseConnection->simpleQuery('SELECT `id_pengajuan`, ( SELECT COUNT(id_pengajuan). id_status_pengajuan FROM tb_pengajuan_barang GROUP BY id_status_pengajuan) AS count
FROM `tb_pengajuan_barang`
GROUP BY `id_status_pengajuan`')
 4 SYSTEMPATH\Database\BaseBuilder.php(1616): CodeIgniter\Database\BaseConnection->query('SELECT `id_pengajuan`, ( SELECT COUNT(id_pengajuan). id_status_pengajuan FROM tb_pengajuan_barang GROUP BY id_status_pengajuan) AS count
FROM `tb_pengajuan_barang`
GROUP BY `id_status_pengajuan`', [], false)
 5 SYSTEMPATH\Model.php(241): CodeIgniter\Database\BaseBuilder->get()
 6 SYSTEMPATH\BaseModel.php(618): CodeIgniter\Model->doFindAll(0, 0)
 7 APPPATH\Controllers\Dashboard.php(41): CodeIgniter\BaseModel->findAll()
 8 SYSTEMPATH\CodeIgniter.php(934): App\Controllers\Dashboard->index()
 9 SYSTEMPATH\CodeIgniter.php(499): CodeIgniter\CodeIgniter->runController(Object(App\Controllers\Dashboard))
10 SYSTEMPATH\CodeIgniter.php(368): CodeIgniter\CodeIgniter->handleRequest(null, Object(Config\Cache), false)
11 FCPATH\index.php(67): CodeIgniter\CodeIgniter->run()
12 SYSTEMPATH\Commands\Server\rewrite.php(47): require_once('C:\\xampp\\htdocs\\project-simlog\\public\\index.php')
INFO - 2024-02-21 13:13:04 --> Session: Class initialized using 'CodeIgniter\Session\Handlers\FileHandler' driver.
ERROR - 2024-02-21 13:13:04 --> mysqli_sql_exception: You have an error in your SQL syntax; check the manual that corresponds to your MariaDB server version for the right syntax to use near 'SELECT COUNT(id_pengajuan) id_status_pengajuan FROM tb_pengajuan_barang GROUP...' at line 1 in C:\xampp\htdocs\project-simlog\system\Database\MySQLi\Connection.php:295
Stack trace:
#0 C:\xampp\htdocs\project-simlog\system\Database\MySQLi\Connection.php(295): mysqli->query('SELECT `id_peng...', 0)
#1 C:\xampp\htdocs\project-simlog\system\Database\BaseConnection.php(692): CodeIgniter\Database\MySQLi\Connection->execute('SELECT `id_peng...')
#2 C:\xampp\htdocs\project-simlog\system\Database\BaseConnection.php(606): CodeIgniter\Database\BaseConnection->simpleQuery('SELECT `id_peng...')
#3 C:\xampp\htdocs\project-simlog\system\Database\BaseBuilder.php(1616): CodeIgniter\Database\BaseConnection->query('SELECT `id_peng...', Array, false)
#4 C:\xampp\htdocs\project-simlog\system\Model.php(241): CodeIgniter\Database\BaseBuilder->get()
#5 C:\xampp\htdocs\project-simlog\system\BaseModel.php(618): CodeIgniter\Model->doFindAll(0, 0)
#6 C:\xampp\htdocs\project-simlog\app\Controllers\Dashboard.php(41): CodeIgniter\BaseModel->findAll()
#7 C:\xampp\htdocs\project-simlog\system\CodeIgniter.php(934): App\Controllers\Dashboard->index()
#8 C:\xampp\htdocs\project-simlog\system\CodeIgniter.php(499): CodeIgniter\CodeIgniter->runController(Object(App\Controllers\Dashboard))
#9 C:\xampp\htdocs\project-simlog\system\CodeIgniter.php(368): CodeIgniter\CodeIgniter->handleRequest(NULL, Object(Config\Cache), false)
#10 C:\xampp\htdocs\project-simlog\public\index.php(67): CodeIgniter\CodeIgniter->run()
#11 C:\xampp\htdocs\project-simlog\system\Commands\Server\rewrite.php(47): require_once('C:\\xampp\\htdocs...')
#12 {main}
CRITICAL - 2024-02-21 13:13:04 --> You have an error in your SQL syntax; check the manual that corresponds to your MariaDB server version for the right syntax to use near 'SELECT COUNT(id_pengajuan) id_status_pengajuan FROM tb_pengajuan_barang GROUP...' at line 1
in SYSTEMPATH\Database\MySQLi\Connection.php on line 295.
 1 SYSTEMPATH\Database\MySQLi\Connection.php(295): mysqli->query('SELECT `id_pengajuan`, SELECT COUNT(id_pengajuan) id_status_pengajuan FROM tb_pengajuan_barang GROUP BY id_status_pengajuan
FROM `tb_pengajuan_barang`
GROUP BY `id_status_pengajuan`', 0)
 2 SYSTEMPATH\Database\BaseConnection.php(692): CodeIgniter\Database\MySQLi\Connection->execute('SELECT `id_pengajuan`, SELECT COUNT(id_pengajuan) id_status_pengajuan FROM tb_pengajuan_barang GROUP BY id_status_pengajuan
FROM `tb_pengajuan_barang`
GROUP BY `id_status_pengajuan`')
 3 SYSTEMPATH\Database\BaseConnection.php(606): CodeIgniter\Database\BaseConnection->simpleQuery('SELECT `id_pengajuan`, SELECT COUNT(id_pengajuan) id_status_pengajuan FROM tb_pengajuan_barang GROUP BY id_status_pengajuan
FROM `tb_pengajuan_barang`
GROUP BY `id_status_pengajuan`')
 4 SYSTEMPATH\Database\BaseBuilder.php(1616): CodeIgniter\Database\BaseConnection->query('SELECT `id_pengajuan`, SELECT COUNT(id_pengajuan) id_status_pengajuan FROM tb_pengajuan_barang GROUP BY id_status_pengajuan
FROM `tb_pengajuan_barang`
GROUP BY `id_status_pengajuan`', [], false)
 5 SYSTEMPATH\Model.php(241): CodeIgniter\Database\BaseBuilder->get()
 6 SYSTEMPATH\BaseModel.php(618): CodeIgniter\Model->doFindAll(0, 0)
 7 APPPATH\Controllers\Dashboard.php(41): CodeIgniter\BaseModel->findAll()
 8 SYSTEMPATH\CodeIgniter.php(934): App\Controllers\Dashboard->index()
 9 SYSTEMPATH\CodeIgniter.php(499): CodeIgniter\CodeIgniter->runController(Object(App\Controllers\Dashboard))
10 SYSTEMPATH\CodeIgniter.php(368): CodeIgniter\CodeIgniter->handleRequest(null, Object(Config\Cache), false)
11 FCPATH\index.php(67): CodeIgniter\CodeIgniter->run()
12 SYSTEMPATH\Commands\Server\rewrite.php(47): require_once('C:\\xampp\\htdocs\\project-simlog\\public\\index.php')
INFO - 2024-02-21 13:13:25 --> Session: Class initialized using 'CodeIgniter\Session\Handlers\FileHandler' driver.
