INFO - 2023-11-07 01:44:46 --> Session: Class initialized using 'CodeIgniter\Session\Handlers\FileHandler' driver.
INFO - 2023-11-07 01:46:07 --> Session: Class initialized using 'CodeIgniter\Session\Handlers\FileHandler' driver.
INFO - 2023-11-07 01:46:08 --> Session: Class initialized using 'CodeIgniter\Session\Handlers\FileHandler' driver.
INFO - 2023-11-07 01:46:15 --> Session: Class initialized using 'CodeIgniter\Session\Handlers\FileHandler' driver.
INFO - 2023-11-07 01:46:16 --> Session: Class initialized using 'CodeIgniter\Session\Handlers\FileHandler' driver.
INFO - 2023-11-07 01:46:27 --> Session: Class initialized using 'CodeIgniter\Session\Handlers\FileHandler' driver.
INFO - 2023-11-07 01:46:27 --> Session: Class initialized using 'CodeIgniter\Session\Handlers\FileHandler' driver.
INFO - 2023-11-07 02:01:44 --> Session: Class initialized using 'CodeIgniter\Session\Handlers\FileHandler' driver.
INFO - 2023-11-07 02:01:49 --> Session: Class initialized using 'CodeIgniter\Session\Handlers\FileHandler' driver.
INFO - 2023-11-07 02:01:49 --> Session: Class initialized using 'CodeIgniter\Session\Handlers\FileHandler' driver.
INFO - 2023-11-07 02:01:57 --> Session: Class initialized using 'CodeIgniter\Session\Handlers\FileHandler' driver.
INFO - 2023-11-07 02:02:01 --> Session: Class initialized using 'CodeIgniter\Session\Handlers\FileHandler' driver.
INFO - 2023-11-07 02:02:06 --> Session: Class initialized using 'CodeIgniter\Session\Handlers\FileHandler' driver.
INFO - 2023-11-07 02:02:20 --> Session: Class initialized using 'CodeIgniter\Session\Handlers\FileHandler' driver.
ERROR - 2023-11-07 02:02:20 --> mysqli_sql_exception: Column 'id_barang' in field list is ambiguous in C:\xampp\htdocs\project-simlog\system\Database\MySQLi\Connection.php:295
Stack trace:
#0 C:\xampp\htdocs\project-simlog\system\Database\MySQLi\Connection.php(295): mysqli->query('SELECT `tb_pene...', 0)
#1 C:\xampp\htdocs\project-simlog\system\Database\BaseConnection.php(692): CodeIgniter\Database\MySQLi\Connection->execute('SELECT `tb_pene...')
#2 C:\xampp\htdocs\project-simlog\system\Database\BaseConnection.php(606): CodeIgniter\Database\BaseConnection->simpleQuery('SELECT `tb_pene...')
#3 C:\xampp\htdocs\project-simlog\system\Database\BaseBuilder.php(1616): CodeIgniter\Database\BaseConnection->query('SELECT `tb_pene...', Array, false)
#4 C:\xampp\htdocs\project-simlog\system\Model.php(241): CodeIgniter\Database\BaseBuilder->get()
#5 C:\xampp\htdocs\project-simlog\system\BaseModel.php(618): CodeIgniter\Model->doFindAll(0, 0)
#6 C:\xampp\htdocs\project-simlog\app\Controllers\PenerimaanLogistik.php(35): CodeIgniter\BaseModel->findAll()
#7 C:\xampp\htdocs\project-simlog\system\CodeIgniter.php(934): App\Controllers\PenerimaanLogistik->index()
#8 C:\xampp\htdocs\project-simlog\system\CodeIgniter.php(499): CodeIgniter\CodeIgniter->runController(Object(App\Controllers\PenerimaanLogistik))
#9 C:\xampp\htdocs\project-simlog\system\CodeIgniter.php(368): CodeIgniter\CodeIgniter->handleRequest(NULL, Object(Config\Cache), false)
#10 C:\xampp\htdocs\project-simlog\public\index.php(67): CodeIgniter\CodeIgniter->run()
#11 C:\xampp\htdocs\project-simlog\system\Commands\Server\rewrite.php(47): require_once('C:\\xampp\\htdocs...')
#12 {main}
CRITICAL - 2023-11-07 02:02:20 --> Column 'id_barang' in field list is ambiguous
in SYSTEMPATH\Database\MySQLi\Connection.php on line 295.
 1 SYSTEMPATH\Database\MySQLi\Connection.php(295): mysqli->query('SELECT `tb_penerimaan`.*, `id_barang` as `nama_barang`, `id_kategori` as `nama_kategori`, `id_satuan` as `nama_satuan`
FROM `tb_penerimaan`
JOIN `tb_barang` ON `tb_penerimaan`.`id_barang` = `tb_barang`.`id_barang`
JOIN `tb_kategori` ON `tb_penerimaan`.`id_kategori` = `tb_kategori`.`id_kategori`
JOIN `tb_satuan` ON `tb_penerimaan`.`id_satuan` = `tb_satuan`.`id_satuan`', 0)
 2 SYSTEMPATH\Database\BaseConnection.php(692): CodeIgniter\Database\MySQLi\Connection->execute('SELECT `tb_penerimaan`.*, `id_barang` as `nama_barang`, `id_kategori` as `nama_kategori`, `id_satuan` as `nama_satuan`
FROM `tb_penerimaan`
JOIN `tb_barang` ON `tb_penerimaan`.`id_barang` = `tb_barang`.`id_barang`
JOIN `tb_kategori` ON `tb_penerimaan`.`id_kategori` = `tb_kategori`.`id_kategori`
JOIN `tb_satuan` ON `tb_penerimaan`.`id_satuan` = `tb_satuan`.`id_satuan`')
 3 SYSTEMPATH\Database\BaseConnection.php(606): CodeIgniter\Database\BaseConnection->simpleQuery('SELECT `tb_penerimaan`.*, `id_barang` as `nama_barang`, `id_kategori` as `nama_kategori`, `id_satuan` as `nama_satuan`
FROM `tb_penerimaan`
JOIN `tb_barang` ON `tb_penerimaan`.`id_barang` = `tb_barang`.`id_barang`
JOIN `tb_kategori` ON `tb_penerimaan`.`id_kategori` = `tb_kategori`.`id_kategori`
JOIN `tb_satuan` ON `tb_penerimaan`.`id_satuan` = `tb_satuan`.`id_satuan`')
 4 SYSTEMPATH\Database\BaseBuilder.php(1616): CodeIgniter\Database\BaseConnection->query('SELECT `tb_penerimaan`.*, `id_barang` as `nama_barang`, `id_kategori` as `nama_kategori`, `id_satuan` as `nama_satuan`
FROM `tb_penerimaan`
JOIN `tb_barang` ON `tb_penerimaan`.`id_barang` = `tb_barang`.`id_barang`
JOIN `tb_kategori` ON `tb_penerimaan`.`id_kategori` = `tb_kategori`.`id_kategori`
JOIN `tb_satuan` ON `tb_penerimaan`.`id_satuan` = `tb_satuan`.`id_satuan`', [], false)
 5 SYSTEMPATH\Model.php(241): CodeIgniter\Database\BaseBuilder->get()
 6 SYSTEMPATH\BaseModel.php(618): CodeIgniter\Model->doFindAll(0, 0)
 7 APPPATH\Controllers\PenerimaanLogistik.php(35): CodeIgniter\BaseModel->findAll()
 8 SYSTEMPATH\CodeIgniter.php(934): App\Controllers\PenerimaanLogistik->index()
 9 SYSTEMPATH\CodeIgniter.php(499): CodeIgniter\CodeIgniter->runController(Object(App\Controllers\PenerimaanLogistik))
10 SYSTEMPATH\CodeIgniter.php(368): CodeIgniter\CodeIgniter->handleRequest(null, Object(Config\Cache), false)
11 FCPATH\index.php(67): CodeIgniter\CodeIgniter->run()
12 SYSTEMPATH\Commands\Server\rewrite.php(47): require_once('C:\\xampp\\htdocs\\project-simlog\\public\\index.php')
INFO - 2023-11-07 02:04:32 --> Session: Class initialized using 'CodeIgniter\Session\Handlers\FileHandler' driver.
INFO - 2023-11-07 02:04:36 --> Session: Class initialized using 'CodeIgniter\Session\Handlers\FileHandler' driver.
ERROR - 2023-11-07 02:04:36 --> mysqli_sql_exception: Column 'id_kategori' in field list is ambiguous in C:\xampp\htdocs\project-simlog\system\Database\MySQLi\Connection.php:295
Stack trace:
#0 C:\xampp\htdocs\project-simlog\system\Database\MySQLi\Connection.php(295): mysqli->query('SELECT `tb_pene...', 0)
#1 C:\xampp\htdocs\project-simlog\system\Database\BaseConnection.php(692): CodeIgniter\Database\MySQLi\Connection->execute('SELECT `tb_pene...')
#2 C:\xampp\htdocs\project-simlog\system\Database\BaseConnection.php(606): CodeIgniter\Database\BaseConnection->simpleQuery('SELECT `tb_pene...')
#3 C:\xampp\htdocs\project-simlog\system\Database\BaseBuilder.php(1616): CodeIgniter\Database\BaseConnection->query('SELECT `tb_pene...', Array, false)
#4 C:\xampp\htdocs\project-simlog\system\Model.php(241): CodeIgniter\Database\BaseBuilder->get()
#5 C:\xampp\htdocs\project-simlog\system\BaseModel.php(618): CodeIgniter\Model->doFindAll(0, 0)
#6 C:\xampp\htdocs\project-simlog\app\Controllers\PenerimaanLogistik.php(35): CodeIgniter\BaseModel->findAll()
#7 C:\xampp\htdocs\project-simlog\system\CodeIgniter.php(934): App\Controllers\PenerimaanLogistik->index()
#8 C:\xampp\htdocs\project-simlog\system\CodeIgniter.php(499): CodeIgniter\CodeIgniter->runController(Object(App\Controllers\PenerimaanLogistik))
#9 C:\xampp\htdocs\project-simlog\system\CodeIgniter.php(368): CodeIgniter\CodeIgniter->handleRequest(NULL, Object(Config\Cache), false)
#10 C:\xampp\htdocs\project-simlog\public\index.php(67): CodeIgniter\CodeIgniter->run()
#11 C:\xampp\htdocs\project-simlog\system\Commands\Server\rewrite.php(47): require_once('C:\\xampp\\htdocs...')
#12 {main}
CRITICAL - 2023-11-07 02:04:36 --> Column 'id_kategori' in field list is ambiguous
in SYSTEMPATH\Database\MySQLi\Connection.php on line 295.
 1 SYSTEMPATH\Database\MySQLi\Connection.php(295): mysqli->query('SELECT `tb_penerimaan`.*, `id_penerimaan`, `id_kategori`, `id_satuan`
FROM `tb_penerimaan`
JOIN `tb_barang` ON `tb_penerimaan`.`id_barang` = `tb_barang`.`id_barang`
JOIN `tb_kategori` ON `tb_penerimaan`.`id_kategori` = `tb_kategori`.`id_kategori`
JOIN `tb_satuan` ON `tb_penerimaan`.`id_satuan` = `tb_satuan`.`id_satuan`', 0)
 2 SYSTEMPATH\Database\BaseConnection.php(692): CodeIgniter\Database\MySQLi\Connection->execute('SELECT `tb_penerimaan`.*, `id_penerimaan`, `id_kategori`, `id_satuan`
FROM `tb_penerimaan`
JOIN `tb_barang` ON `tb_penerimaan`.`id_barang` = `tb_barang`.`id_barang`
JOIN `tb_kategori` ON `tb_penerimaan`.`id_kategori` = `tb_kategori`.`id_kategori`
JOIN `tb_satuan` ON `tb_penerimaan`.`id_satuan` = `tb_satuan`.`id_satuan`')
 3 SYSTEMPATH\Database\BaseConnection.php(606): CodeIgniter\Database\BaseConnection->simpleQuery('SELECT `tb_penerimaan`.*, `id_penerimaan`, `id_kategori`, `id_satuan`
FROM `tb_penerimaan`
JOIN `tb_barang` ON `tb_penerimaan`.`id_barang` = `tb_barang`.`id_barang`
JOIN `tb_kategori` ON `tb_penerimaan`.`id_kategori` = `tb_kategori`.`id_kategori`
JOIN `tb_satuan` ON `tb_penerimaan`.`id_satuan` = `tb_satuan`.`id_satuan`')
 4 SYSTEMPATH\Database\BaseBuilder.php(1616): CodeIgniter\Database\BaseConnection->query('SELECT `tb_penerimaan`.*, `id_penerimaan`, `id_kategori`, `id_satuan`
FROM `tb_penerimaan`
JOIN `tb_barang` ON `tb_penerimaan`.`id_barang` = `tb_barang`.`id_barang`
JOIN `tb_kategori` ON `tb_penerimaan`.`id_kategori` = `tb_kategori`.`id_kategori`
JOIN `tb_satuan` ON `tb_penerimaan`.`id_satuan` = `tb_satuan`.`id_satuan`', [], false)
 5 SYSTEMPATH\Model.php(241): CodeIgniter\Database\BaseBuilder->get()
 6 SYSTEMPATH\BaseModel.php(618): CodeIgniter\Model->doFindAll(0, 0)
 7 APPPATH\Controllers\PenerimaanLogistik.php(35): CodeIgniter\BaseModel->findAll()
 8 SYSTEMPATH\CodeIgniter.php(934): App\Controllers\PenerimaanLogistik->index()
 9 SYSTEMPATH\CodeIgniter.php(499): CodeIgniter\CodeIgniter->runController(Object(App\Controllers\PenerimaanLogistik))
10 SYSTEMPATH\CodeIgniter.php(368): CodeIgniter\CodeIgniter->handleRequest(null, Object(Config\Cache), false)
11 FCPATH\index.php(67): CodeIgniter\CodeIgniter->run()
12 SYSTEMPATH\Commands\Server\rewrite.php(47): require_once('C:\\xampp\\htdocs\\project-simlog\\public\\index.php')
INFO - 2023-11-07 02:09:55 --> Session: Class initialized using 'CodeIgniter\Session\Handlers\FileHandler' driver.
ERROR - 2023-11-07 02:09:55 --> mysqli_sql_exception: You have an error in your SQL syntax; check the manual that corresponds to your MariaDB server version for the right syntax to use near '.`id_barang`, `id_kategori` as `a`.`id_kategori`, `id_satuan` as `a`.`id_satu...' at line 1 in C:\xampp\htdocs\project-simlog\system\Database\MySQLi\Connection.php:295
Stack trace:
#0 C:\xampp\htdocs\project-simlog\system\Database\MySQLi\Connection.php(295): mysqli->query('SELECT `tb_pene...', 0)
#1 C:\xampp\htdocs\project-simlog\system\Database\BaseConnection.php(692): CodeIgniter\Database\MySQLi\Connection->execute('SELECT `tb_pene...')
#2 C:\xampp\htdocs\project-simlog\system\Database\BaseConnection.php(606): CodeIgniter\Database\BaseConnection->simpleQuery('SELECT `tb_pene...')
#3 C:\xampp\htdocs\project-simlog\system\Database\BaseBuilder.php(1616): CodeIgniter\Database\BaseConnection->query('SELECT `tb_pene...', Array, false)
#4 C:\xampp\htdocs\project-simlog\system\Model.php(241): CodeIgniter\Database\BaseBuilder->get()
#5 C:\xampp\htdocs\project-simlog\system\BaseModel.php(618): CodeIgniter\Model->doFindAll(0, 0)
#6 C:\xampp\htdocs\project-simlog\app\Controllers\PenerimaanLogistik.php(35): CodeIgniter\BaseModel->findAll()
#7 C:\xampp\htdocs\project-simlog\system\CodeIgniter.php(934): App\Controllers\PenerimaanLogistik->index()
#8 C:\xampp\htdocs\project-simlog\system\CodeIgniter.php(499): CodeIgniter\CodeIgniter->runController(Object(App\Controllers\PenerimaanLogistik))
#9 C:\xampp\htdocs\project-simlog\system\CodeIgniter.php(368): CodeIgniter\CodeIgniter->handleRequest(NULL, Object(Config\Cache), false)
#10 C:\xampp\htdocs\project-simlog\public\index.php(67): CodeIgniter\CodeIgniter->run()
#11 C:\xampp\htdocs\project-simlog\system\Commands\Server\rewrite.php(47): require_once('C:\\xampp\\htdocs...')
#12 {main}
CRITICAL - 2023-11-07 02:09:55 --> You have an error in your SQL syntax; check the manual that corresponds to your MariaDB server version for the right syntax to use near '.`id_barang`, `id_kategori` as `a`.`id_kategori`, `id_satuan` as `a`.`id_satu...' at line 1
in SYSTEMPATH\Database\MySQLi\Connection.php on line 295.
 1 SYSTEMPATH\Database\MySQLi\Connection.php(295): mysqli->query('SELECT `tb_penerimaan`.*, `id_barang` as `a`.`id_barang`, `id_kategori` as `a`.`id_kategori`, `id_satuan` as `a`.`id_satuan`
FROM `tb_penerimaan`
JOIN `tb_barang` ON `tb_penerimaan`.`id_barang` = `tb_barang`.`id_barang`
JOIN `tb_kategori` ON `tb_penerimaan`.`id_kategori` = `tb_kategori`.`id_kategori`
JOIN `tb_satuan` ON `tb_penerimaan`.`id_satuan` = `tb_satuan`.`id_satuan`', 0)
 2 SYSTEMPATH\Database\BaseConnection.php(692): CodeIgniter\Database\MySQLi\Connection->execute('SELECT `tb_penerimaan`.*, `id_barang` as `a`.`id_barang`, `id_kategori` as `a`.`id_kategori`, `id_satuan` as `a`.`id_satuan`
FROM `tb_penerimaan`
JOIN `tb_barang` ON `tb_penerimaan`.`id_barang` = `tb_barang`.`id_barang`
JOIN `tb_kategori` ON `tb_penerimaan`.`id_kategori` = `tb_kategori`.`id_kategori`
JOIN `tb_satuan` ON `tb_penerimaan`.`id_satuan` = `tb_satuan`.`id_satuan`')
 3 SYSTEMPATH\Database\BaseConnection.php(606): CodeIgniter\Database\BaseConnection->simpleQuery('SELECT `tb_penerimaan`.*, `id_barang` as `a`.`id_barang`, `id_kategori` as `a`.`id_kategori`, `id_satuan` as `a`.`id_satuan`
FROM `tb_penerimaan`
JOIN `tb_barang` ON `tb_penerimaan`.`id_barang` = `tb_barang`.`id_barang`
JOIN `tb_kategori` ON `tb_penerimaan`.`id_kategori` = `tb_kategori`.`id_kategori`
JOIN `tb_satuan` ON `tb_penerimaan`.`id_satuan` = `tb_satuan`.`id_satuan`')
 4 SYSTEMPATH\Database\BaseBuilder.php(1616): CodeIgniter\Database\BaseConnection->query('SELECT `tb_penerimaan`.*, `id_barang` as `a`.`id_barang`, `id_kategori` as `a`.`id_kategori`, `id_satuan` as `a`.`id_satuan`
FROM `tb_penerimaan`
JOIN `tb_barang` ON `tb_penerimaan`.`id_barang` = `tb_barang`.`id_barang`
JOIN `tb_kategori` ON `tb_penerimaan`.`id_kategori` = `tb_kategori`.`id_kategori`
JOIN `tb_satuan` ON `tb_penerimaan`.`id_satuan` = `tb_satuan`.`id_satuan`', [], false)
 5 SYSTEMPATH\Model.php(241): CodeIgniter\Database\BaseBuilder->get()
 6 SYSTEMPATH\BaseModel.php(618): CodeIgniter\Model->doFindAll(0, 0)
 7 APPPATH\Controllers\PenerimaanLogistik.php(35): CodeIgniter\BaseModel->findAll()
 8 SYSTEMPATH\CodeIgniter.php(934): App\Controllers\PenerimaanLogistik->index()
 9 SYSTEMPATH\CodeIgniter.php(499): CodeIgniter\CodeIgniter->runController(Object(App\Controllers\PenerimaanLogistik))
10 SYSTEMPATH\CodeIgniter.php(368): CodeIgniter\CodeIgniter->handleRequest(null, Object(Config\Cache), false)
11 FCPATH\index.php(67): CodeIgniter\CodeIgniter->run()
12 SYSTEMPATH\Commands\Server\rewrite.php(47): require_once('C:\\xampp\\htdocs\\project-simlog\\public\\index.php')
INFO - 2023-11-07 02:10:51 --> Session: Class initialized using 'CodeIgniter\Session\Handlers\FileHandler' driver.
ERROR - 2023-11-07 02:10:51 --> mysqli_sql_exception: Column 'id_barang' in field list is ambiguous in C:\xampp\htdocs\project-simlog\system\Database\MySQLi\Connection.php:295
Stack trace:
#0 C:\xampp\htdocs\project-simlog\system\Database\MySQLi\Connection.php(295): mysqli->query('SELECT `tb_pene...', 0)
#1 C:\xampp\htdocs\project-simlog\system\Database\BaseConnection.php(692): CodeIgniter\Database\MySQLi\Connection->execute('SELECT `tb_pene...')
#2 C:\xampp\htdocs\project-simlog\system\Database\BaseConnection.php(606): CodeIgniter\Database\BaseConnection->simpleQuery('SELECT `tb_pene...')
#3 C:\xampp\htdocs\project-simlog\system\Database\BaseBuilder.php(1616): CodeIgniter\Database\BaseConnection->query('SELECT `tb_pene...', Array, false)
#4 C:\xampp\htdocs\project-simlog\system\Model.php(241): CodeIgniter\Database\BaseBuilder->get()
#5 C:\xampp\htdocs\project-simlog\system\BaseModel.php(618): CodeIgniter\Model->doFindAll(0, 0)
#6 C:\xampp\htdocs\project-simlog\app\Controllers\PenerimaanLogistik.php(35): CodeIgniter\BaseModel->findAll()
#7 C:\xampp\htdocs\project-simlog\system\CodeIgniter.php(934): App\Controllers\PenerimaanLogistik->index()
#8 C:\xampp\htdocs\project-simlog\system\CodeIgniter.php(499): CodeIgniter\CodeIgniter->runController(Object(App\Controllers\PenerimaanLogistik))
#9 C:\xampp\htdocs\project-simlog\system\CodeIgniter.php(368): CodeIgniter\CodeIgniter->handleRequest(NULL, Object(Config\Cache), false)
#10 C:\xampp\htdocs\project-simlog\public\index.php(67): CodeIgniter\CodeIgniter->run()
#11 C:\xampp\htdocs\project-simlog\system\Commands\Server\rewrite.php(47): require_once('C:\\xampp\\htdocs...')
#12 {main}
CRITICAL - 2023-11-07 02:10:51 --> Column 'id_barang' in field list is ambiguous
in SYSTEMPATH\Database\MySQLi\Connection.php on line 295.
 1 SYSTEMPATH\Database\MySQLi\Connection.php(295): mysqli->query('SELECT `tb_penerimaan`.*, `id_barang` as `barangId`, `id_kategori` as `kategoriId`, `id_satuan` as `satuanId`
FROM `tb_penerimaan`
JOIN `tb_barang` ON `tb_penerimaan`.`id_barang` = `tb_barang`.`id_barang`
JOIN `tb_kategori` ON `tb_penerimaan`.`id_kategori` = `tb_kategori`.`id_kategori`
JOIN `tb_satuan` ON `tb_penerimaan`.`id_satuan` = `tb_satuan`.`id_satuan`', 0)
 2 SYSTEMPATH\Database\BaseConnection.php(692): CodeIgniter\Database\MySQLi\Connection->execute('SELECT `tb_penerimaan`.*, `id_barang` as `barangId`, `id_kategori` as `kategoriId`, `id_satuan` as `satuanId`
FROM `tb_penerimaan`
JOIN `tb_barang` ON `tb_penerimaan`.`id_barang` = `tb_barang`.`id_barang`
JOIN `tb_kategori` ON `tb_penerimaan`.`id_kategori` = `tb_kategori`.`id_kategori`
JOIN `tb_satuan` ON `tb_penerimaan`.`id_satuan` = `tb_satuan`.`id_satuan`')
 3 SYSTEMPATH\Database\BaseConnection.php(606): CodeIgniter\Database\BaseConnection->simpleQuery('SELECT `tb_penerimaan`.*, `id_barang` as `barangId`, `id_kategori` as `kategoriId`, `id_satuan` as `satuanId`
FROM `tb_penerimaan`
JOIN `tb_barang` ON `tb_penerimaan`.`id_barang` = `tb_barang`.`id_barang`
JOIN `tb_kategori` ON `tb_penerimaan`.`id_kategori` = `tb_kategori`.`id_kategori`
JOIN `tb_satuan` ON `tb_penerimaan`.`id_satuan` = `tb_satuan`.`id_satuan`')
 4 SYSTEMPATH\Database\BaseBuilder.php(1616): CodeIgniter\Database\BaseConnection->query('SELECT `tb_penerimaan`.*, `id_barang` as `barangId`, `id_kategori` as `kategoriId`, `id_satuan` as `satuanId`
FROM `tb_penerimaan`
JOIN `tb_barang` ON `tb_penerimaan`.`id_barang` = `tb_barang`.`id_barang`
JOIN `tb_kategori` ON `tb_penerimaan`.`id_kategori` = `tb_kategori`.`id_kategori`
JOIN `tb_satuan` ON `tb_penerimaan`.`id_satuan` = `tb_satuan`.`id_satuan`', [], false)
 5 SYSTEMPATH\Model.php(241): CodeIgniter\Database\BaseBuilder->get()
 6 SYSTEMPATH\BaseModel.php(618): CodeIgniter\Model->doFindAll(0, 0)
 7 APPPATH\Controllers\PenerimaanLogistik.php(35): CodeIgniter\BaseModel->findAll()
 8 SYSTEMPATH\CodeIgniter.php(934): App\Controllers\PenerimaanLogistik->index()
 9 SYSTEMPATH\CodeIgniter.php(499): CodeIgniter\CodeIgniter->runController(Object(App\Controllers\PenerimaanLogistik))
10 SYSTEMPATH\CodeIgniter.php(368): CodeIgniter\CodeIgniter->handleRequest(null, Object(Config\Cache), false)
11 FCPATH\index.php(67): CodeIgniter\CodeIgniter->run()
12 SYSTEMPATH\Commands\Server\rewrite.php(47): require_once('C:\\xampp\\htdocs\\project-simlog\\public\\index.php')
INFO - 2023-11-07 02:11:40 --> Session: Class initialized using 'CodeIgniter\Session\Handlers\FileHandler' driver.
ERROR - 2023-11-07 02:11:40 --> mysqli_sql_exception: Column 'id_kategori' in field list is ambiguous in C:\xampp\htdocs\project-simlog\system\Database\MySQLi\Connection.php:295
Stack trace:
#0 C:\xampp\htdocs\project-simlog\system\Database\MySQLi\Connection.php(295): mysqli->query('SELECT `tb_pene...', 0)
#1 C:\xampp\htdocs\project-simlog\system\Database\BaseConnection.php(692): CodeIgniter\Database\MySQLi\Connection->execute('SELECT `tb_pene...')
#2 C:\xampp\htdocs\project-simlog\system\Database\BaseConnection.php(606): CodeIgniter\Database\BaseConnection->simpleQuery('SELECT `tb_pene...')
#3 C:\xampp\htdocs\project-simlog\system\Database\BaseBuilder.php(1616): CodeIgniter\Database\BaseConnection->query('SELECT `tb_pene...', Array, false)
#4 C:\xampp\htdocs\project-simlog\system\Model.php(241): CodeIgniter\Database\BaseBuilder->get()
#5 C:\xampp\htdocs\project-simlog\system\BaseModel.php(618): CodeIgniter\Model->doFindAll(0, 0)
#6 C:\xampp\htdocs\project-simlog\app\Controllers\PenerimaanLogistik.php(35): CodeIgniter\BaseModel->findAll()
#7 C:\xampp\htdocs\project-simlog\system\CodeIgniter.php(934): App\Controllers\PenerimaanLogistik->index()
#8 C:\xampp\htdocs\project-simlog\system\CodeIgniter.php(499): CodeIgniter\CodeIgniter->runController(Object(App\Controllers\PenerimaanLogistik))
#9 C:\xampp\htdocs\project-simlog\system\CodeIgniter.php(368): CodeIgniter\CodeIgniter->handleRequest(NULL, Object(Config\Cache), false)
#10 C:\xampp\htdocs\project-simlog\public\index.php(67): CodeIgniter\CodeIgniter->run()
#11 C:\xampp\htdocs\project-simlog\system\Commands\Server\rewrite.php(47): require_once('C:\\xampp\\htdocs...')
#12 {main}
CRITICAL - 2023-11-07 02:11:40 --> Column 'id_kategori' in field list is ambiguous
in SYSTEMPATH\Database\MySQLi\Connection.php on line 295.
 1 SYSTEMPATH\Database\MySQLi\Connection.php(295): mysqli->query('SELECT `tb_penerimaan`.*, `id_penerimaan`, `id_kategori`, `id_satuan`
FROM `tb_penerimaan`
JOIN `tb_barang` ON `tb_penerimaan`.`id_barang` = `tb_barang`.`id_barang`
JOIN `tb_kategori` ON `tb_penerimaan`.`id_kategori` = `tb_kategori`.`id_kategori`
JOIN `tb_satuan` ON `tb_penerimaan`.`id_satuan` = `tb_satuan`.`id_satuan`', 0)
 2 SYSTEMPATH\Database\BaseConnection.php(692): CodeIgniter\Database\MySQLi\Connection->execute('SELECT `tb_penerimaan`.*, `id_penerimaan`, `id_kategori`, `id_satuan`
FROM `tb_penerimaan`
JOIN `tb_barang` ON `tb_penerimaan`.`id_barang` = `tb_barang`.`id_barang`
JOIN `tb_kategori` ON `tb_penerimaan`.`id_kategori` = `tb_kategori`.`id_kategori`
JOIN `tb_satuan` ON `tb_penerimaan`.`id_satuan` = `tb_satuan`.`id_satuan`')
 3 SYSTEMPATH\Database\BaseConnection.php(606): CodeIgniter\Database\BaseConnection->simpleQuery('SELECT `tb_penerimaan`.*, `id_penerimaan`, `id_kategori`, `id_satuan`
FROM `tb_penerimaan`
JOIN `tb_barang` ON `tb_penerimaan`.`id_barang` = `tb_barang`.`id_barang`
JOIN `tb_kategori` ON `tb_penerimaan`.`id_kategori` = `tb_kategori`.`id_kategori`
JOIN `tb_satuan` ON `tb_penerimaan`.`id_satuan` = `tb_satuan`.`id_satuan`')
 4 SYSTEMPATH\Database\BaseBuilder.php(1616): CodeIgniter\Database\BaseConnection->query('SELECT `tb_penerimaan`.*, `id_penerimaan`, `id_kategori`, `id_satuan`
FROM `tb_penerimaan`
JOIN `tb_barang` ON `tb_penerimaan`.`id_barang` = `tb_barang`.`id_barang`
JOIN `tb_kategori` ON `tb_penerimaan`.`id_kategori` = `tb_kategori`.`id_kategori`
JOIN `tb_satuan` ON `tb_penerimaan`.`id_satuan` = `tb_satuan`.`id_satuan`', [], false)
 5 SYSTEMPATH\Model.php(241): CodeIgniter\Database\BaseBuilder->get()
 6 SYSTEMPATH\BaseModel.php(618): CodeIgniter\Model->doFindAll(0, 0)
 7 APPPATH\Controllers\PenerimaanLogistik.php(35): CodeIgniter\BaseModel->findAll()
 8 SYSTEMPATH\CodeIgniter.php(934): App\Controllers\PenerimaanLogistik->index()
 9 SYSTEMPATH\CodeIgniter.php(499): CodeIgniter\CodeIgniter->runController(Object(App\Controllers\PenerimaanLogistik))
10 SYSTEMPATH\CodeIgniter.php(368): CodeIgniter\CodeIgniter->handleRequest(null, Object(Config\Cache), false)
11 FCPATH\index.php(67): CodeIgniter\CodeIgniter->run()
12 SYSTEMPATH\Commands\Server\rewrite.php(47): require_once('C:\\xampp\\htdocs\\project-simlog\\public\\index.php')
INFO - 2023-11-07 02:12:48 --> Session: Class initialized using 'CodeIgniter\Session\Handlers\FileHandler' driver.
ERROR - 2023-11-07 02:12:48 --> mysqli_sql_exception: Unknown column 'a.id_barang' in 'field list' in C:\xampp\htdocs\project-simlog\system\Database\MySQLi\Connection.php:295
Stack trace:
#0 C:\xampp\htdocs\project-simlog\system\Database\MySQLi\Connection.php(295): mysqli->query('SELECT `tb_pene...', 0)
#1 C:\xampp\htdocs\project-simlog\system\Database\BaseConnection.php(692): CodeIgniter\Database\MySQLi\Connection->execute('SELECT `tb_pene...')
#2 C:\xampp\htdocs\project-simlog\system\Database\BaseConnection.php(606): CodeIgniter\Database\BaseConnection->simpleQuery('SELECT `tb_pene...')
#3 C:\xampp\htdocs\project-simlog\system\Database\BaseBuilder.php(1616): CodeIgniter\Database\BaseConnection->query('SELECT `tb_pene...', Array, false)
#4 C:\xampp\htdocs\project-simlog\system\Model.php(241): CodeIgniter\Database\BaseBuilder->get()
#5 C:\xampp\htdocs\project-simlog\system\BaseModel.php(618): CodeIgniter\Model->doFindAll(0, 0)
#6 C:\xampp\htdocs\project-simlog\app\Controllers\PenerimaanLogistik.php(35): CodeIgniter\BaseModel->findAll()
#7 C:\xampp\htdocs\project-simlog\system\CodeIgniter.php(934): App\Controllers\PenerimaanLogistik->index()
#8 C:\xampp\htdocs\project-simlog\system\CodeIgniter.php(499): CodeIgniter\CodeIgniter->runController(Object(App\Controllers\PenerimaanLogistik))
#9 C:\xampp\htdocs\project-simlog\system\CodeIgniter.php(368): CodeIgniter\CodeIgniter->handleRequest(NULL, Object(Config\Cache), false)
#10 C:\xampp\htdocs\project-simlog\public\index.php(67): CodeIgniter\CodeIgniter->run()
#11 C:\xampp\htdocs\project-simlog\system\Commands\Server\rewrite.php(47): require_once('C:\\xampp\\htdocs...')
#12 {main}
CRITICAL - 2023-11-07 02:12:48 --> Unknown column 'a.id_barang' in 'field list'
in SYSTEMPATH\Database\MySQLi\Connection.php on line 295.
 1 SYSTEMPATH\Database\MySQLi\Connection.php(295): mysqli->query('SELECT `tb_penerimaan`.*, `id_penerimaan`, `a`.`id_barang` as `id_barang`, `a`.`id_kategori` as `id_kategori`, `a`.`id_satuan` as `id_satuan`
FROM `tb_penerimaan`
JOIN `tb_barang` ON `tb_penerimaan`.`id_barang` = `tb_barang`.`id_barang`
JOIN `tb_kategori` ON `tb_penerimaan`.`id_kategori` = `tb_kategori`.`id_kategori`
JOIN `tb_satuan` ON `tb_penerimaan`.`id_satuan` = `tb_satuan`.`id_satuan`', 0)
 2 SYSTEMPATH\Database\BaseConnection.php(692): CodeIgniter\Database\MySQLi\Connection->execute('SELECT `tb_penerimaan`.*, `id_penerimaan`, `a`.`id_barang` as `id_barang`, `a`.`id_kategori` as `id_kategori`, `a`.`id_satuan` as `id_satuan`
FROM `tb_penerimaan`
JOIN `tb_barang` ON `tb_penerimaan`.`id_barang` = `tb_barang`.`id_barang`
JOIN `tb_kategori` ON `tb_penerimaan`.`id_kategori` = `tb_kategori`.`id_kategori`
JOIN `tb_satuan` ON `tb_penerimaan`.`id_satuan` = `tb_satuan`.`id_satuan`')
 3 SYSTEMPATH\Database\BaseConnection.php(606): CodeIgniter\Database\BaseConnection->simpleQuery('SELECT `tb_penerimaan`.*, `id_penerimaan`, `a`.`id_barang` as `id_barang`, `a`.`id_kategori` as `id_kategori`, `a`.`id_satuan` as `id_satuan`
FROM `tb_penerimaan`
JOIN `tb_barang` ON `tb_penerimaan`.`id_barang` = `tb_barang`.`id_barang`
JOIN `tb_kategori` ON `tb_penerimaan`.`id_kategori` = `tb_kategori`.`id_kategori`
JOIN `tb_satuan` ON `tb_penerimaan`.`id_satuan` = `tb_satuan`.`id_satuan`')
 4 SYSTEMPATH\Database\BaseBuilder.php(1616): CodeIgniter\Database\BaseConnection->query('SELECT `tb_penerimaan`.*, `id_penerimaan`, `a`.`id_barang` as `id_barang`, `a`.`id_kategori` as `id_kategori`, `a`.`id_satuan` as `id_satuan`
FROM `tb_penerimaan`
JOIN `tb_barang` ON `tb_penerimaan`.`id_barang` = `tb_barang`.`id_barang`
JOIN `tb_kategori` ON `tb_penerimaan`.`id_kategori` = `tb_kategori`.`id_kategori`
JOIN `tb_satuan` ON `tb_penerimaan`.`id_satuan` = `tb_satuan`.`id_satuan`', [], false)
 5 SYSTEMPATH\Model.php(241): CodeIgniter\Database\BaseBuilder->get()
 6 SYSTEMPATH\BaseModel.php(618): CodeIgniter\Model->doFindAll(0, 0)
 7 APPPATH\Controllers\PenerimaanLogistik.php(35): CodeIgniter\BaseModel->findAll()
 8 SYSTEMPATH\CodeIgniter.php(934): App\Controllers\PenerimaanLogistik->index()
 9 SYSTEMPATH\CodeIgniter.php(499): CodeIgniter\CodeIgniter->runController(Object(App\Controllers\PenerimaanLogistik))
10 SYSTEMPATH\CodeIgniter.php(368): CodeIgniter\CodeIgniter->handleRequest(null, Object(Config\Cache), false)
11 FCPATH\index.php(67): CodeIgniter\CodeIgniter->run()
12 SYSTEMPATH\Commands\Server\rewrite.php(47): require_once('C:\\xampp\\htdocs\\project-simlog\\public\\index.php')
INFO - 2023-11-07 02:13:19 --> Session: Class initialized using 'CodeIgniter\Session\Handlers\FileHandler' driver.
ERROR - 2023-11-07 02:13:19 --> mysqli_sql_exception: Unknown column 'a.id_barang' in 'field list' in C:\xampp\htdocs\project-simlog\system\Database\MySQLi\Connection.php:295
Stack trace:
#0 C:\xampp\htdocs\project-simlog\system\Database\MySQLi\Connection.php(295): mysqli->query('SELECT `tb_pene...', 0)
#1 C:\xampp\htdocs\project-simlog\system\Database\BaseConnection.php(692): CodeIgniter\Database\MySQLi\Connection->execute('SELECT `tb_pene...')
#2 C:\xampp\htdocs\project-simlog\system\Database\BaseConnection.php(606): CodeIgniter\Database\BaseConnection->simpleQuery('SELECT `tb_pene...')
#3 C:\xampp\htdocs\project-simlog\system\Database\BaseBuilder.php(1616): CodeIgniter\Database\BaseConnection->query('SELECT `tb_pene...', Array, false)
#4 C:\xampp\htdocs\project-simlog\system\Model.php(241): CodeIgniter\Database\BaseBuilder->get()
#5 C:\xampp\htdocs\project-simlog\system\BaseModel.php(618): CodeIgniter\Model->doFindAll(0, 0)
#6 C:\xampp\htdocs\project-simlog\app\Controllers\PenerimaanLogistik.php(35): CodeIgniter\BaseModel->findAll()
#7 C:\xampp\htdocs\project-simlog\system\CodeIgniter.php(934): App\Controllers\PenerimaanLogistik->index()
#8 C:\xampp\htdocs\project-simlog\system\CodeIgniter.php(499): CodeIgniter\CodeIgniter->runController(Object(App\Controllers\PenerimaanLogistik))
#9 C:\xampp\htdocs\project-simlog\system\CodeIgniter.php(368): CodeIgniter\CodeIgniter->handleRequest(NULL, Object(Config\Cache), false)
#10 C:\xampp\htdocs\project-simlog\public\index.php(67): CodeIgniter\CodeIgniter->run()
#11 C:\xampp\htdocs\project-simlog\system\Commands\Server\rewrite.php(47): require_once('C:\\xampp\\htdocs...')
#12 {main}
CRITICAL - 2023-11-07 02:13:19 --> Unknown column 'a.id_barang' in 'field list'
in SYSTEMPATH\Database\MySQLi\Connection.php on line 295.
 1 SYSTEMPATH\Database\MySQLi\Connection.php(295): mysqli->query('SELECT `tb_penerimaan`.*, `id_penerimaan`, `a`.`id_barang` AS `id_barang`, `a`.`id_kategori` AS `id_kategori`, `a`.`id_satuan` AS `id_satuan`
FROM `tb_penerimaan`
JOIN `tb_barang` ON `tb_penerimaan`.`id_barang` = `tb_barang`.`id_barang`
JOIN `tb_kategori` ON `tb_penerimaan`.`id_kategori` = `tb_kategori`.`id_kategori`
JOIN `tb_satuan` ON `tb_penerimaan`.`id_satuan` = `tb_satuan`.`id_satuan`', 0)
 2 SYSTEMPATH\Database\BaseConnection.php(692): CodeIgniter\Database\MySQLi\Connection->execute('SELECT `tb_penerimaan`.*, `id_penerimaan`, `a`.`id_barang` AS `id_barang`, `a`.`id_kategori` AS `id_kategori`, `a`.`id_satuan` AS `id_satuan`
FROM `tb_penerimaan`
JOIN `tb_barang` ON `tb_penerimaan`.`id_barang` = `tb_barang`.`id_barang`
JOIN `tb_kategori` ON `tb_penerimaan`.`id_kategori` = `tb_kategori`.`id_kategori`
JOIN `tb_satuan` ON `tb_penerimaan`.`id_satuan` = `tb_satuan`.`id_satuan`')
 3 SYSTEMPATH\Database\BaseConnection.php(606): CodeIgniter\Database\BaseConnection->simpleQuery('SELECT `tb_penerimaan`.*, `id_penerimaan`, `a`.`id_barang` AS `id_barang`, `a`.`id_kategori` AS `id_kategori`, `a`.`id_satuan` AS `id_satuan`
FROM `tb_penerimaan`
JOIN `tb_barang` ON `tb_penerimaan`.`id_barang` = `tb_barang`.`id_barang`
JOIN `tb_kategori` ON `tb_penerimaan`.`id_kategori` = `tb_kategori`.`id_kategori`
JOIN `tb_satuan` ON `tb_penerimaan`.`id_satuan` = `tb_satuan`.`id_satuan`')
 4 SYSTEMPATH\Database\BaseBuilder.php(1616): CodeIgniter\Database\BaseConnection->query('SELECT `tb_penerimaan`.*, `id_penerimaan`, `a`.`id_barang` AS `id_barang`, `a`.`id_kategori` AS `id_kategori`, `a`.`id_satuan` AS `id_satuan`
FROM `tb_penerimaan`
JOIN `tb_barang` ON `tb_penerimaan`.`id_barang` = `tb_barang`.`id_barang`
JOIN `tb_kategori` ON `tb_penerimaan`.`id_kategori` = `tb_kategori`.`id_kategori`
JOIN `tb_satuan` ON `tb_penerimaan`.`id_satuan` = `tb_satuan`.`id_satuan`', [], false)
 5 SYSTEMPATH\Model.php(241): CodeIgniter\Database\BaseBuilder->get()
 6 SYSTEMPATH\BaseModel.php(618): CodeIgniter\Model->doFindAll(0, 0)
 7 APPPATH\Controllers\PenerimaanLogistik.php(35): CodeIgniter\BaseModel->findAll()
 8 SYSTEMPATH\CodeIgniter.php(934): App\Controllers\PenerimaanLogistik->index()
 9 SYSTEMPATH\CodeIgniter.php(499): CodeIgniter\CodeIgniter->runController(Object(App\Controllers\PenerimaanLogistik))
10 SYSTEMPATH\CodeIgniter.php(368): CodeIgniter\CodeIgniter->handleRequest(null, Object(Config\Cache), false)
11 FCPATH\index.php(67): CodeIgniter\CodeIgniter->run()
12 SYSTEMPATH\Commands\Server\rewrite.php(47): require_once('C:\\xampp\\htdocs\\project-simlog\\public\\index.php')
INFO - 2023-11-07 02:14:09 --> Session: Class initialized using 'CodeIgniter\Session\Handlers\FileHandler' driver.
CRITICAL - 2023-11-07 02:14:09 --> Undefined variable $penerimaan
in APPPATH\Views\penerimaanview\list\index.php on line 54.
 1 APPPATH\Views\penerimaanview\list\index.php(54): CodeIgniter\Debug\Exceptions->errorHandler(2, 'Undefined variable $penerimaan', 'C:\\xampp\\htdocs\\project-simlog\\app\\Views\\penerimaanview\\list\\index.php', 54)
 2 SYSTEMPATH\View\View.php(213): include('C:\\xampp\\htdocs\\project-simlog\\app\\Views\\penerimaanview\\list\\index.php')
 3 SYSTEMPATH\View\View.php(216): CodeIgniter\View\View->CodeIgniter\View\{closure}()
 4 SYSTEMPATH\Common.php(1184): CodeIgniter\View\View->render('penerimaanview/list/index', [], true)
 5 APPPATH\Controllers\PenerimaanLogistik.php(42): view('penerimaanview/list/index', [...])
 6 SYSTEMPATH\CodeIgniter.php(934): App\Controllers\PenerimaanLogistik->index()
 7 SYSTEMPATH\CodeIgniter.php(499): CodeIgniter\CodeIgniter->runController(Object(App\Controllers\PenerimaanLogistik))
 8 SYSTEMPATH\CodeIgniter.php(368): CodeIgniter\CodeIgniter->handleRequest(null, Object(Config\Cache), false)
 9 FCPATH\index.php(67): CodeIgniter\CodeIgniter->run()
10 SYSTEMPATH\Commands\Server\rewrite.php(47): require_once('C:\\xampp\\htdocs\\project-simlog\\public\\index.php')
INFO - 2023-11-07 02:14:33 --> Session: Class initialized using 'CodeIgniter\Session\Handlers\FileHandler' driver.
INFO - 2023-11-07 02:25:55 --> Session: Class initialized using 'CodeIgniter\Session\Handlers\FileHandler' driver.
INFO - 2023-11-07 02:25:59 --> Session: Class initialized using 'CodeIgniter\Session\Handlers\FileHandler' driver.
INFO - 2023-11-07 02:26:19 --> Session: Class initialized using 'CodeIgniter\Session\Handlers\FileHandler' driver.
INFO - 2023-11-07 02:26:21 --> Session: Class initialized using 'CodeIgniter\Session\Handlers\FileHandler' driver.
INFO - 2023-11-07 02:26:25 --> Session: Class initialized using 'CodeIgniter\Session\Handlers\FileHandler' driver.
INFO - 2023-11-07 02:26:25 --> Session: Class initialized using 'CodeIgniter\Session\Handlers\FileHandler' driver.
INFO - 2023-11-07 02:26:28 --> Session: Class initialized using 'CodeIgniter\Session\Handlers\FileHandler' driver.
INFO - 2023-11-07 02:26:31 --> Session: Class initialized using 'CodeIgniter\Session\Handlers\FileHandler' driver.
INFO - 2023-11-07 02:26:31 --> Session: Class initialized using 'CodeIgniter\Session\Handlers\FileHandler' driver.
INFO - 2023-11-07 02:26:34 --> Session: Class initialized using 'CodeIgniter\Session\Handlers\FileHandler' driver.
INFO - 2023-11-07 02:26:37 --> Session: Class initialized using 'CodeIgniter\Session\Handlers\FileHandler' driver.
INFO - 2023-11-07 02:26:38 --> Session: Class initialized using 'CodeIgniter\Session\Handlers\FileHandler' driver.
INFO - 2023-11-07 02:26:41 --> Session: Class initialized using 'CodeIgniter\Session\Handlers\FileHandler' driver.
INFO - 2023-11-07 02:26:45 --> Session: Class initialized using 'CodeIgniter\Session\Handlers\FileHandler' driver.
INFO - 2023-11-07 02:26:46 --> Session: Class initialized using 'CodeIgniter\Session\Handlers\FileHandler' driver.
INFO - 2023-11-07 02:26:52 --> Session: Class initialized using 'CodeIgniter\Session\Handlers\FileHandler' driver.
INFO - 2023-11-07 02:26:54 --> Session: Class initialized using 'CodeIgniter\Session\Handlers\FileHandler' driver.
INFO - 2023-11-07 02:27:05 --> Session: Class initialized using 'CodeIgniter\Session\Handlers\FileHandler' driver.
INFO - 2023-11-07 02:27:06 --> Session: Class initialized using 'CodeIgniter\Session\Handlers\FileHandler' driver.
INFO - 2023-11-07 02:27:15 --> Session: Class initialized using 'CodeIgniter\Session\Handlers\FileHandler' driver.
INFO - 2023-11-07 02:27:30 --> Session: Class initialized using 'CodeIgniter\Session\Handlers\FileHandler' driver.
INFO - 2023-11-07 02:27:30 --> Session: Class initialized using 'CodeIgniter\Session\Handlers\FileHandler' driver.
INFO - 2023-11-07 02:27:38 --> Session: Class initialized using 'CodeIgniter\Session\Handlers\FileHandler' driver.
INFO - 2023-11-07 02:27:46 --> Session: Class initialized using 'CodeIgniter\Session\Handlers\FileHandler' driver.
INFO - 2023-11-07 02:27:46 --> Session: Class initialized using 'CodeIgniter\Session\Handlers\FileHandler' driver.
INFO - 2023-11-07 02:27:50 --> Session: Class initialized using 'CodeIgniter\Session\Handlers\FileHandler' driver.
INFO - 2023-11-07 02:27:54 --> Session: Class initialized using 'CodeIgniter\Session\Handlers\FileHandler' driver.
INFO - 2023-11-07 02:27:55 --> Session: Class initialized using 'CodeIgniter\Session\Handlers\FileHandler' driver.
INFO - 2023-11-07 02:28:07 --> Session: Class initialized using 'CodeIgniter\Session\Handlers\FileHandler' driver.
INFO - 2023-11-07 02:46:24 --> Session: Class initialized using 'CodeIgniter\Session\Handlers\FileHandler' driver.
INFO - 2023-11-07 02:46:42 --> Session: Class initialized using 'CodeIgniter\Session\Handlers\FileHandler' driver.
INFO - 2023-11-07 02:46:45 --> Session: Class initialized using 'CodeIgniter\Session\Handlers\FileHandler' driver.
INFO - 2023-11-07 02:55:04 --> Session: Class initialized using 'CodeIgniter\Session\Handlers\FileHandler' driver.
INFO - 2023-11-07 02:55:47 --> Session: Class initialized using 'CodeIgniter\Session\Handlers\FileHandler' driver.
WARNING - 2023-11-07 02:55:47 --> [DEPRECATED] htmlspecialchars(): Passing null to parameter #1 ($string) of type string is deprecated in APPPATH\Controllers\PenerimaanLogistik.php on line 81.
 1 APPPATH\Controllers\PenerimaanLogistik.php(81): htmlspecialchars(null, true)
 2 SYSTEMPATH\CodeIgniter.php(934): App\Controllers\PenerimaanLogistik->create()
 3 SYSTEMPATH\CodeIgniter.php(499): CodeIgniter\CodeIgniter->runController(Object(App\Controllers\PenerimaanLogistik))
 4 SYSTEMPATH\CodeIgniter.php(368): CodeIgniter\CodeIgniter->handleRequest(null, Object(Config\Cache), false)
 5 FCPATH\index.php(67): CodeIgniter\CodeIgniter->run()
 6 SYSTEMPATH\Commands\Server\rewrite.php(47): require_once('C:\\xampp\\htdocs\\project-simlog\\public\\index.php')
INFO - 2023-11-07 02:55:48 --> Session: Class initialized using 'CodeIgniter\Session\Handlers\FileHandler' driver.
INFO - 2023-11-07 03:00:01 --> Session: Class initialized using 'CodeIgniter\Session\Handlers\FileHandler' driver.
INFO - 2023-11-07 03:01:04 --> Session: Class initialized using 'CodeIgniter\Session\Handlers\FileHandler' driver.
INFO - 2023-11-07 03:02:42 --> Session: Class initialized using 'CodeIgniter\Session\Handlers\FileHandler' driver.
INFO - 2023-11-07 03:08:14 --> Session: Class initialized using 'CodeIgniter\Session\Handlers\FileHandler' driver.
INFO - 2023-11-07 03:09:16 --> Session: Class initialized using 'CodeIgniter\Session\Handlers\FileHandler' driver.
INFO - 2023-11-07 03:09:16 --> Session: Class initialized using 'CodeIgniter\Session\Handlers\FileHandler' driver.
CRITICAL - 2023-11-07 03:09:16 --> Undefined array key "nama_barang"
in APPPATH\Views\penerimaanview\list\index.php on line 57.
 1 APPPATH\Views\penerimaanview\list\index.php(57): CodeIgniter\Debug\Exceptions->errorHandler(2, 'Undefined array key "nama_barang"', 'C:\\xampp\\htdocs\\project-simlog\\app\\Views\\penerimaanview\\list\\index.php', 57)
 2 SYSTEMPATH\View\View.php(213): include('C:\\xampp\\htdocs\\project-simlog\\app\\Views\\penerimaanview\\list\\index.php')
 3 SYSTEMPATH\View\View.php(216): CodeIgniter\View\View->CodeIgniter\View\{closure}()
 4 SYSTEMPATH\Common.php(1184): CodeIgniter\View\View->render('penerimaanview/list/index', [], true)
 5 APPPATH\Controllers\PenerimaanLogistik.php(42): view('penerimaanview/list/index', [...])
 6 SYSTEMPATH\CodeIgniter.php(934): App\Controllers\PenerimaanLogistik->index()
 7 SYSTEMPATH\CodeIgniter.php(499): CodeIgniter\CodeIgniter->runController(Object(App\Controllers\PenerimaanLogistik))
 8 SYSTEMPATH\CodeIgniter.php(368): CodeIgniter\CodeIgniter->handleRequest(null, Object(Config\Cache), false)
 9 FCPATH\index.php(67): CodeIgniter\CodeIgniter->run()
10 SYSTEMPATH\Commands\Server\rewrite.php(47): require_once('C:\\xampp\\htdocs\\project-simlog\\public\\index.php')
INFO - 2023-11-07 03:11:15 --> Session: Class initialized using 'CodeIgniter\Session\Handlers\FileHandler' driver.
CRITICAL - 2023-11-07 03:11:16 --> Undefined array key "nama_kategori"
in APPPATH\Views\penerimaanview\list\index.php on line 58.
 1 APPPATH\Views\penerimaanview\list\index.php(58): CodeIgniter\Debug\Exceptions->errorHandler(2, 'Undefined array key "nama_kategori"', 'C:\\xampp\\htdocs\\project-simlog\\app\\Views\\penerimaanview\\list\\index.php', 58)
 2 SYSTEMPATH\View\View.php(213): include('C:\\xampp\\htdocs\\project-simlog\\app\\Views\\penerimaanview\\list\\index.php')
 3 SYSTEMPATH\View\View.php(216): CodeIgniter\View\View->CodeIgniter\View\{closure}()
 4 SYSTEMPATH\Common.php(1184): CodeIgniter\View\View->render('penerimaanview/list/index', [], true)
 5 APPPATH\Controllers\PenerimaanLogistik.php(42): view('penerimaanview/list/index', [...])
 6 SYSTEMPATH\CodeIgniter.php(934): App\Controllers\PenerimaanLogistik->index()
 7 SYSTEMPATH\CodeIgniter.php(499): CodeIgniter\CodeIgniter->runController(Object(App\Controllers\PenerimaanLogistik))
 8 SYSTEMPATH\CodeIgniter.php(368): CodeIgniter\CodeIgniter->handleRequest(null, Object(Config\Cache), false)
 9 FCPATH\index.php(67): CodeIgniter\CodeIgniter->run()
10 SYSTEMPATH\Commands\Server\rewrite.php(47): require_once('C:\\xampp\\htdocs\\project-simlog\\public\\index.php')
INFO - 2023-11-07 03:11:32 --> Session: Class initialized using 'CodeIgniter\Session\Handlers\FileHandler' driver.
INFO - 2023-11-07 03:11:51 --> Session: Class initialized using 'CodeIgniter\Session\Handlers\FileHandler' driver.
INFO - 2023-11-07 03:12:08 --> Session: Class initialized using 'CodeIgniter\Session\Handlers\FileHandler' driver.
INFO - 2023-11-07 03:12:08 --> Session: Class initialized using 'CodeIgniter\Session\Handlers\FileHandler' driver.
INFO - 2023-11-07 03:25:48 --> Session: Class initialized using 'CodeIgniter\Session\Handlers\FileHandler' driver.
INFO - 2023-11-07 03:26:05 --> Session: Class initialized using 'CodeIgniter\Session\Handlers\FileHandler' driver.
INFO - 2023-11-07 03:26:09 --> Session: Class initialized using 'CodeIgniter\Session\Handlers\FileHandler' driver.
INFO - 2023-11-07 03:40:37 --> Session: Class initialized using 'CodeIgniter\Session\Handlers\FileHandler' driver.
INFO - 2023-11-07 03:40:40 --> Session: Class initialized using 'CodeIgniter\Session\Handlers\FileHandler' driver.
INFO - 2023-11-07 03:40:47 --> Session: Class initialized using 'CodeIgniter\Session\Handlers\FileHandler' driver.
INFO - 2023-11-07 03:40:51 --> Session: Class initialized using 'CodeIgniter\Session\Handlers\FileHandler' driver.
INFO - 2023-11-07 03:41:23 --> Session: Class initialized using 'CodeIgniter\Session\Handlers\FileHandler' driver.
INFO - 2023-11-07 03:41:26 --> Session: Class initialized using 'CodeIgniter\Session\Handlers\FileHandler' driver.
INFO - 2023-11-07 03:41:33 --> Session: Class initialized using 'CodeIgniter\Session\Handlers\FileHandler' driver.
INFO - 2023-11-07 11:07:54 --> Session: Class initialized using 'CodeIgniter\Session\Handlers\FileHandler' driver.
INFO - 2023-11-07 11:08:02 --> Session: Class initialized using 'CodeIgniter\Session\Handlers\FileHandler' driver.
INFO - 2023-11-07 11:08:02 --> Session: Class initialized using 'CodeIgniter\Session\Handlers\FileHandler' driver.
INFO - 2023-11-07 11:08:13 --> Session: Class initialized using 'CodeIgniter\Session\Handlers\FileHandler' driver.
INFO - 2023-11-07 11:11:19 --> Session: Class initialized using 'CodeIgniter\Session\Handlers\FileHandler' driver.
INFO - 2023-11-07 11:11:25 --> Session: Class initialized using 'CodeIgniter\Session\Handlers\FileHandler' driver.
INFO - 2023-11-07 11:11:35 --> Session: Class initialized using 'CodeIgniter\Session\Handlers\FileHandler' driver.
INFO - 2023-11-07 11:11:39 --> Session: Class initialized using 'CodeIgniter\Session\Handlers\FileHandler' driver.
INFO - 2023-11-07 11:13:08 --> Session: Class initialized using 'CodeIgniter\Session\Handlers\FileHandler' driver.
INFO - 2023-11-07 11:13:12 --> Session: Class initialized using 'CodeIgniter\Session\Handlers\FileHandler' driver.
INFO - 2023-11-07 11:13:12 --> Session: Class initialized using 'CodeIgniter\Session\Handlers\FileHandler' driver.
